Log file open, 04/28/17 18:04:25
LogInit:Display: Running engine for game: Nullity
LogPlatformFile: Not using cached read wrapper
LogInit:Display: RandInit(-1238975505) SRandInit(-1238975505).
LogTaskGraph: Started task graph with 5 named threads and 8 total threads with 1 sets of task threads.
LogStats: Stats thread started at 0.076443
LogInit: Using libcurl 7.47.1
LogInit:  - built for x86_64-pc-win32
LogInit:  - supports SSL with OpenSSL/1.0.2g
LogInit:  - supports HTTP deflate (compression) using libz 1.2.8
LogInit:  - other features:
LogInit:      CURL_VERSION_SSL
LogInit:      CURL_VERSION_LIBZ
LogInit:      CURL_VERSION_IPV6
LogInit:      CURL_VERSION_ASYNCHDNS
LogInit:      CURL_VERSION_LARGEFILE
LogInit:      CURL_VERSION_IDN
LogInit:  CurlRequestOptions (configurable via config and command line):
LogInit:  - bVerifyPeer = false  - Libcurl will NOT verify peer certificate
LogInit:  - bUseHttpProxy = false  - Libcurl will NOT use HTTP proxy
LogInit:  - bDontReuseConnections = false  - Libcurl will reuse connections
LogInit:  - CertBundlePath = nullptr  - Libcurl will use whatever was configured at build time.
LogInit: Build: ++UE4+Release-4.15-CL-3348071
LogInit: Engine Version: 4.15.1-3348071+++UE4+Release-4.15
LogInit: Compatible Engine Version: 4.15.0-3299760+++UE4+Release-4.15
LogInit: Net CL: 3299760
LogDevObjectVersion: Number of dev versions registered: 14
LogDevObjectVersion:   Dev-Blueprints (B0D832E4-1F89-4F0D-ACCF-7EB736FD4AA2): 8
LogDevObjectVersion:   Dev-Build (E1C64328-A22C-4D53-A36C-8E866417BD8C): 0
LogDevObjectVersion:   Dev-Core (375EC13C-06E4-48FB-B500-84F0262A717E): 2
LogDevObjectVersion:   Dev-Editor (E4B068ED-F494-42E9-A231-DA0B2E46BB41): 14
LogDevObjectVersion:   Dev-Framework (CFFC743F-43B0-4480-9391-14DF171D2073): 22
LogDevObjectVersion:   Dev-Mobile (B02B49B5-BB20-44E9-A304-32B752E40360): 0
LogDevObjectVersion:   Dev-Networking (A4E4105C-59A1-49B5-A7C5-40C4547EDFEE): 0
LogDevObjectVersion:   Dev-Online (39C831C9-5AE6-47DC-9A44-9C173E1C8E7C): 0
LogDevObjectVersion:   Dev-Physics (78F01B33-EBEA-4F98-B9B4-84EACCB95AA2): 0
LogDevObjectVersion:   Dev-Platform (6631380F-2D4D-43E0-8009-CF276956A95A): 0
LogDevObjectVersion:   Dev-Rendering (12F88B9F-8875-4AFC-A67C-D90C383ABD29): 12
LogDevObjectVersion:   Dev-Sequencer (7B5AE74C-D270-4C10-A958-57980B212A5A): 3
LogDevObjectVersion:   Dev-VR (D7296918-1DD6-4BDD-9DE2-64A83CC13884): 0
LogDevObjectVersion:   Dev-LoadTimes (C2A15278-BFE7-4AFE-6C17-90FF531DF755): 1
LogInit: Compiled (64-bit): Mar 15 2017 16:52:47
LogInit: Compiled with Visual C++: 19.00.23026.00
LogInit: Build Configuration: Development
LogInit: Branch Name: ++UE4+Release-4.15
LogInit: Command line: -EpicPortal 
LogInit: Base directory: C:/Program Files (x86)/Epic Games/UE_4.15/Engine/Binaries/Win64/
LogInit: Installed Engine Build: 1
LogInit: Presizing for max 8388607 objects, including 0 objects not considered by GC, pre-allocating 0 bytes for permanent pool.
LogInit: Object subsystem initialized
[2017.04.29-00.04.26:789][  0]LogInit: Selected Device Profile: [Windows]
[2017.04.29-00.04.26:789][  0]LogInit: Applying CVar settings loaded from the selected device profile: [Windows]
[2017.04.29-00.04.27:003][  0]LogInit: Computer: EVA
[2017.04.29-00.04.27:003][  0]LogInit: User: Logan
[2017.04.29-00.04.27:003][  0]LogInit: CPU Page size=65536, Cores=4
[2017.04.29-00.04.27:003][  0]LogInit: High frequency timer resolution =3.421923 MHz
[2017.04.29-00.04.27:003][  0]LogMemory: Memory total: Physical=15.5GB (16GB approx)
[2017.04.29-00.04.27:003][  0]LogMemory: Platform Memory Stats for Windows
[2017.04.29-00.04.27:003][  0]LogMemory: Process Physical Memory: 263.78 MB used, 263.78 MB peak
[2017.04.29-00.04.27:003][  0]LogMemory: Process Virtual Memory: 264.47 MB used, 264.47 MB peak
[2017.04.29-00.04.27:003][  0]LogMemory: Physical Memory: 9995.85 MB used,  5825.12 MB free, 15820.97 MB total
[2017.04.29-00.04.27:003][  0]LogMemory: Virtual Memory: 632.42 MB used,  5825.12 MB free, 8388608.00 MB total
[2017.04.29-00.04.27:257][  0]LogTextLocalizationManager: No specific translations for ('en-US') exist, so ('en') translations will be used.
[2017.04.29-00.04.33:631][  0]LogD3D11RHI: D3D11 adapters:
[2017.04.29-00.04.34:036][  0]LogD3D11RHI:    0. 'NVIDIA GeForce GTX 1060 6GB' (Feature Level 11_0)
[2017.04.29-00.04.34:036][  0]LogD3D11RHI:       6045/0/7654 MB DedicatedVideo/DedicatedSystem/SharedSystem, Outputs:1, VendorId:0x10de
[2017.04.29-00.04.34:043][  0]LogD3D11RHI:    1. 'Intel(R) HD Graphics 530' (Feature Level 11_0)
[2017.04.29-00.04.34:043][  0]LogD3D11RHI:       640/0/1248 MB DedicatedVideo/DedicatedSystem/SharedSystem, Outputs:0, VendorId:0x8086
[2017.04.29-00.04.34:043][  0]LogD3D11RHI: Chosen D3D11 Adapter: 0
[2017.04.29-00.04.34:049][  0]LogD3D11RHI: Creating new Direct3DDevice
[2017.04.29-00.04.34:049][  0]LogD3D11RHI:     GPU DeviceId: 0x1c03 (for the marketing name, search the web for "GPU Device Id")
[2017.04.29-00.04.34:049][  0]LogWindows: EnumDisplayDevices:
[2017.04.29-00.04.34:050][  0]LogWindows:    0. 'NVIDIA GeForce GTX 1060 6GB' (P:1 D:1)
[2017.04.29-00.04.34:050][  0]LogWindows:    1. 'NVIDIA GeForce GTX 1060 6GB' (P:0 D:0)
[2017.04.29-00.04.34:051][  0]LogWindows:    2. 'NVIDIA GeForce GTX 1060 6GB' (P:0 D:0)
[2017.04.29-00.04.34:051][  0]LogWindows:    3. 'NVIDIA GeForce GTX 1060 6GB' (P:0 D:0)
[2017.04.29-00.04.34:052][  0]LogWindows:    4. 'Intel(R) HD Graphics 530' (P:0 D:0)
[2017.04.29-00.04.34:052][  0]LogWindows:    5. 'Intel(R) HD Graphics 530' (P:0 D:0)
[2017.04.29-00.04.34:053][  0]LogWindows:    6. 'Intel(R) HD Graphics 530' (P:0 D:0)
[2017.04.29-00.04.34:053][  0]LogWindows:    7. 'RDPDD Chained DD' (P:0 D:0)
[2017.04.29-00.04.34:053][  0]LogWindows:    8. 'RDP Encoder Mirror Driver' (P:0 D:0)
[2017.04.29-00.04.34:053][  0]LogWindows:    9. 'RDP Reflector Display Driver' (P:0 D:0)
[2017.04.29-00.04.34:053][  0]LogWindows: DebugString: PrimaryIsNotTheChoosenAdapter PrimaryIsNotTheChoosenAdapter PrimaryIsNotTheChoosenAdapter GetVideoDriverDetailsInvalid PrimaryIsNotTheChoosenAdapter GetVideoDriverDetailsInvalid PrimaryIsNotTheChoosenAdapter GetVideoDriverDetailsInvalid PrimaryIsNotTheChoosenAdapter FoundDriverCount:4 
[2017.04.29-00.04.34:053][  0]LogD3D11RHI:     Adapter Name: NVIDIA GeForce GTX 1060 6GB
[2017.04.29-00.04.34:053][  0]LogD3D11RHI:   Driver Version: 376.33 (internal:21.21.13.7633, unified:376.33)
[2017.04.29-00.04.34:053][  0]LogD3D11RHI:      Driver Date: 12-11-2016
[2017.04.29-00.04.34:053][  0]LogRHI: Texture pool is 1361 MB (70% of 1945 MB)
[2017.04.29-00.04.34:422][  0]LogD3D11RHI: Async texture creation enabled
[2017.04.29-00.04.34:451][  0]LogD3D11RHI: GPU Timing Frequency: 1000.000000 (Debug: 2 2)
[2017.04.29-00.04.34:500][  0]LogShaderCompilers: Guid format shader working directory is -17 characters bigger than the processId version (../../../../../../Users/Logan/Documents/Unreal Projects/Nullity/Intermediate/Shaders/WorkingDirectory/8852/).
[2017.04.29-00.04.34:500][  0]LogShaderCompilers: Cleaned the shader compiler working directory 'C:/Users/Logan/AppData/Local/Temp/UnrealShaderWorkingDir/EC859B6C467B1ED88D67C0949032CA03/'.
[2017.04.29-00.04.34:500][  0]LogShaderCompilers:Display: Using Local Shader Compiler.
[2017.04.29-00.04.37:213][  0]LogTemp:Display: Loaded TP AllDesktopTargetPlatform
[2017.04.29-00.04.37:307][  0]LogTemp:Display: Loaded TP MacClientTargetPlatform
[2017.04.29-00.04.37:526][  0]LogTemp:Display: Loaded TP MacNoEditorTargetPlatform
[2017.04.29-00.04.37:790][  0]LogTemp:Display: Loaded TP MacServerTargetPlatform
[2017.04.29-00.04.38:063][  0]LogTemp:Display: Loaded TP MacTargetPlatform
[2017.04.29-00.04.38:318][  0]LogTemp:Display: Loaded TP WindowsClientTargetPlatform
[2017.04.29-00.04.38:573][  0]LogTemp:Display: Loaded TP WindowsNoEditorTargetPlatform
[2017.04.29-00.04.38:826][  0]LogTemp:Display: Loaded TP WindowsServerTargetPlatform
[2017.04.29-00.04.39:074][  0]LogTemp:Display: Loaded TP WindowsTargetPlatform
[2017.04.29-00.04.39:358][  0]LogTemp:Display: Loaded TP AndroidTargetPlatform
[2017.04.29-00.04.39:613][  0]LogTemp:Display: Loaded TP Android_ASTCTargetPlatform
[2017.04.29-00.04.39:875][  0]LogTemp:Display: Loaded TP Android_ATCTargetPlatform
[2017.04.29-00.04.40:137][  0]LogTemp:Display: Loaded TP Android_DXTTargetPlatform
[2017.04.29-00.04.40:394][  0]LogTemp:Display: Loaded TP Android_ETC1TargetPlatform
[2017.04.29-00.04.40:650][  0]LogTemp:Display: Loaded TP Android_ETC2TargetPlatform
[2017.04.29-00.04.41:173][  0]LogTemp:Display: Loaded TP Android_MultiTargetPlatform
[2017.04.29-00.04.41:173][  0]LogTemp:Display: Loaded TP Android_PVRTCTargetPlatform
[2017.04.29-00.04.41:418][  0]LogTemp:Display: Loaded TP HTML5TargetPlatform
[2017.04.29-00.04.41:992][  0]LogTemp:Display: Loaded TP IOSTargetPlatform
[2017.04.29-00.04.42:181][  0]LogTemp:Display: Loaded TP TVOSTargetPlatform
[2017.04.29-00.04.42:442][  0]LogTemp:Display: Loaded TP LinuxClientTargetPlatform
[2017.04.29-00.04.42:696][  0]LogTemp:Display: Loaded TP LinuxNoEditorTargetPlatform
[2017.04.29-00.04.42:947][  0]LogTemp:Display: Loaded TP LinuxServerTargetPlatform
[2017.04.29-00.04.43:222][  0]LogTemp:Display: Loaded TP LinuxTargetPlatform
[2017.04.29-00.04.43:222][  0]LogTargetPlatformManager:Display: Building Assets For Windows
[2017.04.29-00.04.44:964][  0]LogDerivedDataCache:Display: Max Cache Size: 512 MB
[2017.04.29-00.04.45:690][  0]LogDerivedDataCache: Loaded boot cache 0.73s 52MB C:/Users/Logan/AppData/Local/UnrealEngine/4.15/DerivedDataCache/Boot.ddc.
[2017.04.29-00.04.45:690][  0]LogDerivedDataCache:Display: Loaded Boot cache: C:/Users/Logan/AppData/Local/UnrealEngine/4.15/DerivedDataCache/Boot.ddc
[2017.04.29-00.04.45:690][  0]LogDerivedDataCache: FDerivedDataBackendGraph:  Pak pak cache file ../../../../../../Users/Logan/Documents/Unreal Projects/Nullity/DerivedDataCache/DDC.ddp not found, will not use a pak cache.
[2017.04.29-00.04.45:690][  0]LogDerivedDataCache: Unable to find inner node Pak for hierarchical cache Hierarchy.
[2017.04.29-00.04.45:690][  0]LogDerivedDataCache: FDerivedDataBackendGraph:  CompressedPak pak cache file ../../../../../../Users/Logan/Documents/Unreal Projects/Nullity/DerivedDataCache/Compressed.ddp not found, will not use a pak cache.
[2017.04.29-00.04.45:690][  0]LogDerivedDataCache: Unable to find inner node CompressedPak for hierarchical cache Hierarchy.
[2017.04.29-00.04.45:704][  0]LogDerivedDataCache:Display: Pak cache opened for reading ../../../Engine/DerivedDataCache/Compressed.ddp.
[2017.04.29-00.04.45:715][  0]LogDerivedDataCache: Using Local data cache path C:/Users/Logan/AppData/Local/UnrealEngine/Common/DerivedDataCache: Writable
[2017.04.29-00.04.45:721][  0]LogSlate: Using Freetype 2.6.0
[2017.04.29-00.04.45:740][  0]LogSlate: SlateFontCache - WITH_FREETYPE: 1, WITH_HARFBUZZ: 1
[2017.04.29-00.04.45:740][  0]LogSlate: SlateFontCache - WITH_FREETYPE: 1, WITH_HARFBUZZ: 1
[2017.04.29-00.04.47:496][  0]LogInit: Selected Device Profile: [Windows]
[2017.04.29-00.04.47:498][  0]LogContentStreaming: Texture pool size is 0.00 MB
[2017.04.29-00.04.48:208][  0]LogMeshUtilities: Using QuadricMeshReduction for automatic static mesh reduction
[2017.04.29-00.04.48:301][  0]LogSimplygon: Simplygon DLL not present - disabling.
[2017.04.29-00.04.48:400][  0]LogMeshUtilities: Using SimplygonSwarm for distributed automatic mesh merging
[2017.04.29-00.04.48:400][  0]LogMeshUtilities: No automatic skeletal mesh reduction module available
[2017.04.29-00.04.48:400][  0]LogMeshUtilities: No automatic mesh merging module available
[2017.04.29-00.04.49:579][  0]LogNetVersion: GetLocalNetworkVersion: CL: 3299760, ProjectName: nullity, ProjectVersion: , EngineNetworkVersion: 2, GameNetworkVersion: 0, NetworkChecksum: 697721357
[2017.04.29-00.04.49:657][  0]LogAssetRegistry: FAssetRegistry took 0.0204 seconds to start up
[2017.04.29-00.04.49:789][  0]LogPackageLocalizationCache: Processed 3 localized package path(s) for 2 prioritized culture(s) in 0.069248 seconds
[2017.04.29-00.04.49:793][  0]LogUObjectArray: 32493 objects as part of root set at end of initial load.
[2017.04.29-00.04.49:793][  0]LogUObjectAllocator: 7077032 out of 0 bytes used by permanent object pool.
[2017.04.29-00.04.49:793][  0]LogUObjectArray: CloseDisregardForGC: 0/0 objects in disregard for GC pool
[2017.04.29-00.04.49:961][  0]LogInit: WinSock: version 1.1 (2.2), MaxSocks=32767, MaxUdp=65467
[2017.04.29-00.05.20:544][  0]LogTcpMessaging: Initializing TcpMessaging bridge
[2017.04.29-00.05.20:634][  0]LogUdpMessaging: Initializing bridge on interface 0.0.0.0:0 to multicast group 230.0.0.1:6666.
[2017.04.29-00.05.21:956][  0]LogMaterial: Uniform references updated for custom material expression Custom.
[2017.04.29-00.05.22:713][  0]SourceControl: Info Source control is disabled
[2017.04.29-00.05.22:780][  0]SourceControl: Info Source control is disabled
[2017.04.29-00.05.22:885][  0]SourceControl: Info Source control is disabled
[2017.04.29-00.05.22:992][  0]SourceControl: Info Source control is disabled
[2017.04.29-00.05.25:779][  0]LogEngine: Initializing Engine...
[2017.04.29-00.05.25:825][  0]LogHMD: Failed to initialize OpenVR with code 108
[2017.04.29-00.05.26:172][  0]LogAIModule: Creating AISystem for world Untitled
[2017.04.29-00.05.26:238][  0]LogInit: XAudio2 using 'Speakers (7- USB Audio Device)' : 2 channels at 48 kHz using 16 bits per sample (channel mask 0x3)
[2017.04.29-00.05.26:251][  0]LogInit: FAudioDevice initialized.
[2017.04.29-00.05.26:268][  0]LogDerivedDataCache: Saved boot cache 0.02s 50MB C:/Users/Logan/AppData/Local/UnrealEngine/4.15/DerivedDataCache/Boot.ddc.
[2017.04.29-00.05.26:273][  0]LogInit: Texture streaming: Enabled
[2017.04.29-00.05.26:480][  0]LogEngineSessionManager: EngineSessionManager initialized
[2017.04.29-00.05.26:653][  0]LogInit: Transaction tracking system initialized
[2017.04.29-00.05.27:384][  0]BlueprintLog: New page: Editor Load
[2017.04.29-00.05.29:426][  0]LocalizationService: Info Localization service is disabled
[2017.04.29-00.05.30:998][  0]LogConsoleResponse:Display: 
[2017.04.29-00.05.31:151][  0]LogFileCache: Scanning file cache for directory 'C:/Users/Logan/Documents/Unreal Projects/Nullity/Content/' took 0.01s
[2017.04.29-00.05.31:151][  0]LogCook:Display: Max memory allowance for cook 16384mb min free memory 0mb
[2017.04.29-00.05.31:151][  0]LogCook:Display: Mobile HDR setting 1
[2017.04.29-00.05.33:516][  0]SourceControl: Info Source control is disabled
[2017.04.29-00.05.33:518][  0]LogFactory: FactoryCreateFile: PackFactory with PackFactory (0 0 C:/Program Files (x86)/Epic Games/UE_4.15/FeaturePacks/StarterContent.upack)
[2017.04.29-00.05.33:523][  0]LogPackFactory: Finished extracting 8 files (including 0 errors).
[2017.04.29-00.05.33:540][  0]LogPackFactory: Copied "../../../Samples/StarterContent/Content/StarterContent/Architecture/Floor_400x400.uasset" to "../../../../../../Users/Logan/Documents/Unreal Projects/Nullity/Content/StarterContent/Architecture/Floor_400x400.uasset"
[2017.04.29-00.05.33:568][  0]LogPackFactory: Copied "../../../Samples/StarterContent/Content/StarterContent/Architecture/Pillar_50x500.uasset" to "../../../../../../Users/Logan/Documents/Unreal Projects/Nullity/Content/StarterContent/Architecture/Pillar_50x500.uasset"
[2017.04.29-00.05.33:655][  0]LogPackFactory: Copied "../../../Samples/StarterContent/Content/StarterContent/Architecture/SM_AssetPlatform.uasset" to "../../../../../../Users/Logan/Documents/Unreal Projects/Nullity/Content/StarterContent/Architecture/SM_AssetPlatform.uasset"
[2017.04.29-00.05.33:666][  0]LogPackFactory: Copied "../../../Samples/StarterContent/Content/StarterContent/Architecture/Wall_400x200.uasset" to "../../../../../../Users/Logan/Documents/Unreal Projects/Nullity/Content/StarterContent/Architecture/Wall_400x200.uasset"
[2017.04.29-00.05.33:676][  0]LogPackFactory: Copied "../../../Samples/StarterContent/Content/StarterContent/Architecture/Wall_400x300.uasset" to "../../../../../../Users/Logan/Documents/Unreal Projects/Nullity/Content/StarterContent/Architecture/Wall_400x300.uasset"
[2017.04.29-00.05.33:693][  0]LogPackFactory: Copied "../../../Samples/StarterContent/Content/StarterContent/Architecture/Wall_400x400.uasset" to "../../../../../../Users/Logan/Documents/Unreal Projects/Nullity/Content/StarterContent/Architecture/Wall_400x400.uasset"
[2017.04.29-00.05.33:706][  0]LogPackFactory: Copied "../../../Samples/StarterContent/Content/StarterContent/Architecture/Wall_500x500.uasset" to "../../../../../../Users/Logan/Documents/Unreal Projects/Nullity/Content/StarterContent/Architecture/Wall_500x500.uasset"
[2017.04.29-00.05.33:711][  0]LogPackFactory: Copied "../../../Samples/StarterContent/Content/StarterContent/Architecture/Wall_Door_400x300.uasset" to "../../../../../../Users/Logan/Documents/Unreal Projects/Nullity/Content/StarterContent/Architecture/Wall_Door_400x300.uasset"
[2017.04.29-00.05.33:731][  0]LogPackFactory: Copied "../../../Samples/StarterContent/Content/StarterContent/Architecture/Wall_Door_400x400.uasset" to "../../../../../../Users/Logan/Documents/Unreal Projects/Nullity/Content/StarterContent/Architecture/Wall_Door_400x400.uasset"
[2017.04.29-00.05.33:747][  0]LogPackFactory: Copied "../../../Samples/StarterContent/Content/StarterContent/Architecture/Wall_Window_400x300.uasset" to "../../../../../../Users/Logan/Documents/Unreal Projects/Nullity/Content/StarterContent/Architecture/Wall_Window_400x300.uasset"
[2017.04.29-00.05.33:749][  0]LogPackFactory: Copied "../../../Samples/StarterContent/Content/StarterContent/Architecture/Wall_Window_400x400.uasset" to "../../../../../../Users/Logan/Documents/Unreal Projects/Nullity/Content/StarterContent/Architecture/Wall_Window_400x400.uasset"
[2017.04.29-00.05.33:750][  0]LogPackFactory: Copied "../../../Samples/StarterContent/Content/StarterContent/Audio/Collapse01.uasset" to "../../../../../../Users/Logan/Documents/Unreal Projects/Nullity/Content/StarterContent/Audio/Collapse01.uasset"
[2017.04.29-00.05.33:751][  0]LogPackFactory: Copied "../../../Samples/StarterContent/Content/StarterContent/Audio/Collapse02.uasset" to "../../../../../../Users/Logan/Documents/Unreal Projects/Nullity/Content/StarterContent/Audio/Collapse02.uasset"
[2017.04.29-00.05.33:755][  0]LogPackFactory: Copied "../../../Samples/StarterContent/Content/StarterContent/Audio/Collapse_Cue.uasset" to "../../../../../../Users/Logan/Documents/Unreal Projects/Nullity/Content/StarterContent/Audio/Collapse_Cue.uasset"
[2017.04.29-00.05.33:756][  0]LogPackFactory: Copied "../../../Samples/StarterContent/Content/StarterContent/Audio/Explosion01.uasset" to "../../../../../../Users/Logan/Documents/Unreal Projects/Nullity/Content/StarterContent/Audio/Explosion01.uasset"
[2017.04.29-00.05.33:775][  0]LogPackFactory: Copied "../../../Samples/StarterContent/Content/StarterContent/Audio/Explosion02.uasset" to "../../../../../../Users/Logan/Documents/Unreal Projects/Nullity/Content/StarterContent/Audio/Explosion02.uasset"
[2017.04.29-00.05.33:776][  0]LogPackFactory: Copied "../../../Samples/StarterContent/Content/StarterContent/Audio/Explosion_Cue.uasset" to "../../../../../../Users/Logan/Documents/Unreal Projects/Nullity/Content/StarterContent/Audio/Explosion_Cue.uasset"
[2017.04.29-00.05.33:778][  0]LogPackFactory: Copied "../../../Samples/StarterContent/Content/StarterContent/Audio/Fire01.uasset" to "../../../../../../Users/Logan/Documents/Unreal Projects/Nullity/Content/StarterContent/Audio/Fire01.uasset"
[2017.04.29-00.05.33:779][  0]LogPackFactory: Copied "../../../Samples/StarterContent/Content/StarterContent/Audio/Fire01_Cue.uasset" to "../../../../../../Users/Logan/Documents/Unreal Projects/Nullity/Content/StarterContent/Audio/Fire01_Cue.uasset"
[2017.04.29-00.05.33:780][  0]LogPackFactory: Copied "../../../Samples/StarterContent/Content/StarterContent/Audio/Fire_Sparks01.uasset" to "../../../../../../Users/Logan/Documents/Unreal Projects/Nullity/Content/StarterContent/Audio/Fire_Sparks01.uasset"
[2017.04.29-00.05.33:781][  0]LogPackFactory: Copied "../../../Samples/StarterContent/Content/StarterContent/Audio/Fire_Sparks01_Cue.uasset" to "../../../../../../Users/Logan/Documents/Unreal Projects/Nullity/Content/StarterContent/Audio/Fire_Sparks01_Cue.uasset"
[2017.04.29-00.05.33:783][  0]LogPackFactory: Copied "../../../Samples/StarterContent/Content/StarterContent/Audio/Light01.uasset" to "../../../../../../Users/Logan/Documents/Unreal Projects/Nullity/Content/StarterContent/Audio/Light01.uasset"
[2017.04.29-00.05.33:784][  0]LogPackFactory: Copied "../../../Samples/StarterContent/Content/StarterContent/Audio/Light01_Cue.uasset" to "../../../../../../Users/Logan/Documents/Unreal Projects/Nullity/Content/StarterContent/Audio/Light01_Cue.uasset"
[2017.04.29-00.05.33:785][  0]LogPackFactory: Copied "../../../Samples/StarterContent/Content/StarterContent/Audio/Light02.uasset" to "../../../../../../Users/Logan/Documents/Unreal Projects/Nullity/Content/StarterContent/Audio/Light02.uasset"
[2017.04.29-00.05.33:786][  0]LogPackFactory: Copied "../../../Samples/StarterContent/Content/StarterContent/Audio/Light02_Cue.uasset" to "../../../../../../Users/Logan/Documents/Unreal Projects/Nullity/Content/StarterContent/Audio/Light02_Cue.uasset"
[2017.04.29-00.05.33:789][  0]LogPackFactory: Copied "../../../Samples/StarterContent/Content/StarterContent/Audio/Smoke01.uasset" to "../../../../../../Users/Logan/Documents/Unreal Projects/Nullity/Content/StarterContent/Audio/Smoke01.uasset"
[2017.04.29-00.05.33:790][  0]LogPackFactory: Copied "../../../Samples/StarterContent/Content/StarterContent/Audio/Smoke01_Cue.uasset" to "../../../../../../Users/Logan/Documents/Unreal Projects/Nullity/Content/StarterContent/Audio/Smoke01_Cue.uasset"
[2017.04.29-00.05.33:791][  0]LogPackFactory: Copied "../../../Samples/StarterContent/Content/StarterContent/Audio/Starter_Background_Cue.uasset" to "../../../../../../Users/Logan/Documents/Unreal Projects/Nullity/Content/StarterContent/Audio/Starter_Background_Cue.uasset"
[2017.04.29-00.05.33:844][  0]LogPackFactory: Copied "../../../Samples/StarterContent/Content/StarterContent/Audio/Starter_Birds01.uasset" to "../../../../../../Users/Logan/Documents/Unreal Projects/Nullity/Content/StarterContent/Audio/Starter_Birds01.uasset"
[2017.04.29-00.05.33:912][  0]LogPackFactory: Copied "../../../Samples/StarterContent/Content/StarterContent/Audio/Starter_Music01.uasset" to "../../../../../../Users/Logan/Documents/Unreal Projects/Nullity/Content/StarterContent/Audio/Starter_Music01.uasset"
[2017.04.29-00.05.33:913][  0]LogPackFactory: Copied "../../../Samples/StarterContent/Content/StarterContent/Audio/Starter_Music_Cue.uasset" to "../../../../../../Users/Logan/Documents/Unreal Projects/Nullity/Content/StarterContent/Audio/Starter_Music_Cue.uasset"
[2017.04.29-00.05.33:939][  0]LogPackFactory: Copied "../../../Samples/StarterContent/Content/StarterContent/Audio/Starter_Wind05.uasset" to "../../../../../../Users/Logan/Documents/Unreal Projects/Nullity/Content/StarterContent/Audio/Starter_Wind05.uasset"
[2017.04.29-00.05.33:954][  0]LogPackFactory: Copied "../../../Samples/StarterContent/Content/StarterContent/Audio/Starter_Wind06.uasset" to "../../../../../../Users/Logan/Documents/Unreal Projects/Nullity/Content/StarterContent/Audio/Starter_Wind06.uasset"
[2017.04.29-00.05.33:956][  0]LogPackFactory: Copied "../../../Samples/StarterContent/Content/StarterContent/Audio/Steam01.uasset" to "../../../../../../Users/Logan/Documents/Unreal Projects/Nullity/Content/StarterContent/Audio/Steam01.uasset"
[2017.04.29-00.05.33:957][  0]LogPackFactory: Copied "../../../Samples/StarterContent/Content/StarterContent/Audio/Steam01_Cue.uasset" to "../../../../../../Users/Logan/Documents/Unreal Projects/Nullity/Content/StarterContent/Audio/Steam01_Cue.uasset"
[2017.04.29-00.05.33:958][  0]LogPackFactory: Copied "../../../Samples/StarterContent/Content/StarterContent/Blueprints/Blueprint_CeilingLight.uasset" to "../../../../../../Users/Logan/Documents/Unreal Projects/Nullity/Content/StarterContent/Blueprints/Blueprint_CeilingLight.uasset"
[2017.04.29-00.05.33:960][  0]LogPackFactory: Copied "../../../Samples/StarterContent/Content/StarterContent/Blueprints/Blueprint_Effect_Explosion.uasset" to "../../../../../../Users/Logan/Documents/Unreal Projects/Nullity/Content/StarterContent/Blueprints/Blueprint_Effect_Explosion.uasset"
[2017.04.29-00.05.33:961][  0]LogPackFactory: Copied "../../../Samples/StarterContent/Content/StarterContent/Blueprints/Blueprint_Effect_Fire.uasset" to "../../../../../../Users/Logan/Documents/Unreal Projects/Nullity/Content/StarterContent/Blueprints/Blueprint_Effect_Fire.uasset"
[2017.04.29-00.05.33:962][  0]LogPackFactory: Copied "../../../Samples/StarterContent/Content/StarterContent/Blueprints/Blueprint_Effect_Smoke.uasset" to "../../../../../../Users/Logan/Documents/Unreal Projects/Nullity/Content/StarterContent/Blueprints/Blueprint_Effect_Smoke.uasset"
[2017.04.29-00.05.33:962][  0]LogPackFactory: Copied "../../../Samples/StarterContent/Content/StarterContent/Blueprints/Blueprint_Effect_Sparks.uasset" to "../../../../../../Users/Logan/Documents/Unreal Projects/Nullity/Content/StarterContent/Blueprints/Blueprint_Effect_Sparks.uasset"
[2017.04.29-00.05.33:963][  0]LogPackFactory: Copied "../../../Samples/StarterContent/Content/StarterContent/Blueprints/Blueprint_Effect_Steam.uasset" to "../../../../../../Users/Logan/Documents/Unreal Projects/Nullity/Content/StarterContent/Blueprints/Blueprint_Effect_Steam.uasset"
[2017.04.29-00.05.33:964][  0]LogPackFactory: Copied "../../../Samples/StarterContent/Content/StarterContent/Blueprints/Blueprint_WallSconce.uasset" to "../../../../../../Users/Logan/Documents/Unreal Projects/Nullity/Content/StarterContent/Blueprints/Blueprint_WallSconce.uasset"
[2017.04.29-00.05.33:966][  0]LogPackFactory: Copied "../../../Samples/StarterContent/Content/StarterContent/Blueprints/BP_LightStudio.uasset" to "../../../../../../Users/Logan/Documents/Unreal Projects/Nullity/Content/StarterContent/Blueprints/BP_LightStudio.uasset"
[2017.04.29-00.05.33:967][  0]LogPackFactory: Copied "../../../Samples/StarterContent/Content/StarterContent/Blueprints/Assets/FogBrightnessLUT.uasset" to "../../../../../../Users/Logan/Documents/Unreal Projects/Nullity/Content/StarterContent/Blueprints/Assets/FogBrightnessLUT.uasset"
[2017.04.29-00.05.33:968][  0]LogPackFactory: Copied "../../../Samples/StarterContent/Content/StarterContent/Blueprints/Assets/M_LightStage_Arrows.uasset" to "../../../../../../Users/Logan/Documents/Unreal Projects/Nullity/Content/StarterContent/Blueprints/Assets/M_LightStage_Arrows.uasset"
[2017.04.29-00.05.33:983][  0]LogPackFactory: Copied "../../../Samples/StarterContent/Content/StarterContent/Blueprints/Assets/M_LightStage_Skybox_Black.uasset" to "../../../../../../Users/Logan/Documents/Unreal Projects/Nullity/Content/StarterContent/Blueprints/Assets/M_LightStage_Skybox_Black.uasset"
[2017.04.29-00.05.33:984][  0]LogPackFactory: Copied "../../../Samples/StarterContent/Content/StarterContent/Blueprints/Assets/M_LightStage_Skybox_HDRI.uasset" to "../../../../../../Users/Logan/Documents/Unreal Projects/Nullity/Content/StarterContent/Blueprints/Assets/M_LightStage_Skybox_HDRI.uasset"
[2017.04.29-00.05.33:985][  0]LogPackFactory: Copied "../../../Samples/StarterContent/Content/StarterContent/Blueprints/Assets/M_LightStage_Skybox_Master.uasset" to "../../../../../../Users/Logan/Documents/Unreal Projects/Nullity/Content/StarterContent/Blueprints/Assets/M_LightStage_Skybox_Master.uasset"
[2017.04.29-00.05.33:986][  0]LogPackFactory: Copied "../../../Samples/StarterContent/Content/StarterContent/Blueprints/Assets/Skybox.uasset" to "../../../../../../Users/Logan/Documents/Unreal Projects/Nullity/Content/StarterContent/Blueprints/Assets/Skybox.uasset"
[2017.04.29-00.05.33:988][  0]LogPackFactory: Copied "../../../Samples/StarterContent/Content/StarterContent/Blueprints/Assets/SM_Arrows.uasset" to "../../../../../../Users/Logan/Documents/Unreal Projects/Nullity/Content/StarterContent/Blueprints/Assets/SM_Arrows.uasset"
[2017.04.29-00.05.33:989][  0]LogPackFactory: Copied "../../../Samples/StarterContent/Content/StarterContent/Blueprints/Assets/SunlightColorLUT.uasset" to "../../../../../../Users/Logan/Documents/Unreal Projects/Nullity/Content/StarterContent/Blueprints/Assets/SunlightColorLUT.uasset"
[2017.04.29-00.05.34:300][  0]LogPackFactory: Copied "../../../Samples/StarterContent/Content/StarterContent/HDRI/HDRI_Epic_Courtyard_Daylight.uasset" to "../../../../../../Users/Logan/Documents/Unreal Projects/Nullity/Content/StarterContent/HDRI/HDRI_Epic_Courtyard_Daylight.uasset"
[2017.04.29-00.05.34:301][  0]LogPackFactory: Copied "../../../Samples/StarterContent/Content/StarterContent/Maps/Advanced_Lighting.umap" to "../../../../../../Users/Logan/Documents/Unreal Projects/Nullity/Content/StarterContent/Maps/Advanced_Lighting.umap"
[2017.04.29-00.05.34:303][  0]LogPackFactory: Copied "../../../Samples/StarterContent/Content/StarterContent/Maps/Advanced_Lighting_BuiltData.uasset" to "../../../../../../Users/Logan/Documents/Unreal Projects/Nullity/Content/StarterContent/Maps/Advanced_Lighting_BuiltData.uasset"
[2017.04.29-00.05.34:306][  0]LogPackFactory: Copied "../../../Samples/StarterContent/Content/StarterContent/Maps/Minimal_Default.umap" to "../../../../../../Users/Logan/Documents/Unreal Projects/Nullity/Content/StarterContent/Maps/Minimal_Default.umap"
[2017.04.29-00.05.34:308][  0]LogPackFactory: Copied "../../../Samples/StarterContent/Content/StarterContent/Maps/Minimal_Default_BuiltData.uasset" to "../../../../../../Users/Logan/Documents/Unreal Projects/Nullity/Content/StarterContent/Maps/Minimal_Default_BuiltData.uasset"
[2017.04.29-00.05.34:311][  0]LogPackFactory: Copied "../../../Samples/StarterContent/Content/StarterContent/Maps/StarterMap.umap" to "../../../../../../Users/Logan/Documents/Unreal Projects/Nullity/Content/StarterContent/Maps/StarterMap.umap"
[2017.04.29-00.05.34:319][  0]LogPackFactory: Copied "../../../Samples/StarterContent/Content/StarterContent/Maps/StarterMap_BuiltData.uasset" to "../../../../../../Users/Logan/Documents/Unreal Projects/Nullity/Content/StarterContent/Maps/StarterMap_BuiltData.uasset"
[2017.04.29-00.05.34:320][  0]LogPackFactory: Copied "../../../Samples/StarterContent/Content/StarterContent/Materials/M_AssetPlatform.uasset" to "../../../../../../Users/Logan/Documents/Unreal Projects/Nullity/Content/StarterContent/Materials/M_AssetPlatform.uasset"
[2017.04.29-00.05.34:321][  0]LogPackFactory: Copied "../../../Samples/StarterContent/Content/StarterContent/Materials/M_Basic_Floor.uasset" to "../../../../../../Users/Logan/Documents/Unreal Projects/Nullity/Content/StarterContent/Materials/M_Basic_Floor.uasset"
[2017.04.29-00.05.34:327][  0]LogPackFactory: Copied "../../../Samples/StarterContent/Content/StarterContent/Materials/M_Basic_Wall.uasset" to "../../../../../../Users/Logan/Documents/Unreal Projects/Nullity/Content/StarterContent/Materials/M_Basic_Wall.uasset"
[2017.04.29-00.05.34:328][  0]LogPackFactory: Copied "../../../Samples/StarterContent/Content/StarterContent/Materials/M_Brick_Clay_Beveled.uasset" to "../../../../../../Users/Logan/Documents/Unreal Projects/Nullity/Content/StarterContent/Materials/M_Brick_Clay_Beveled.uasset"
[2017.04.29-00.05.34:329][  0]LogPackFactory: Copied "../../../Samples/StarterContent/Content/StarterContent/Materials/M_Brick_Clay_New.uasset" to "../../../../../../Users/Logan/Documents/Unreal Projects/Nullity/Content/StarterContent/Materials/M_Brick_Clay_New.uasset"
[2017.04.29-00.05.34:335][  0]LogPackFactory: Copied "../../../Samples/StarterContent/Content/StarterContent/Materials/M_Brick_Clay_Old.uasset" to "../../../../../../Users/Logan/Documents/Unreal Projects/Nullity/Content/StarterContent/Materials/M_Brick_Clay_Old.uasset"
[2017.04.29-00.05.34:336][  0]LogPackFactory: Copied "../../../Samples/StarterContent/Content/StarterContent/Materials/M_Brick_Cut_Stone.uasset" to "../../../../../../Users/Logan/Documents/Unreal Projects/Nullity/Content/StarterContent/Materials/M_Brick_Cut_Stone.uasset"
[2017.04.29-00.05.34:337][  0]LogPackFactory: Copied "../../../Samples/StarterContent/Content/StarterContent/Materials/M_Brick_Hewn_Stone.uasset" to "../../../../../../Users/Logan/Documents/Unreal Projects/Nullity/Content/StarterContent/Materials/M_Brick_Hewn_Stone.uasset"
[2017.04.29-00.05.34:338][  0]LogPackFactory: Copied "../../../Samples/StarterContent/Content/StarterContent/Materials/M_Ceramic_Tile_Checker.uasset" to "../../../../../../Users/Logan/Documents/Unreal Projects/Nullity/Content/StarterContent/Materials/M_Ceramic_Tile_Checker.uasset"
[2017.04.29-00.05.34:339][  0]LogPackFactory: Copied "../../../Samples/StarterContent/Content/StarterContent/Materials/M_CobbleStone_Pebble.uasset" to "../../../../../../Users/Logan/Documents/Unreal Projects/Nullity/Content/StarterContent/Materials/M_CobbleStone_Pebble.uasset"
[2017.04.29-00.05.34:340][  0]LogPackFactory: Copied "../../../Samples/StarterContent/Content/StarterContent/Materials/M_CobbleStone_Rough.uasset" to "../../../../../../Users/Logan/Documents/Unreal Projects/Nullity/Content/StarterContent/Materials/M_CobbleStone_Rough.uasset"
[2017.04.29-00.05.34:341][  0]LogPackFactory: Copied "../../../Samples/StarterContent/Content/StarterContent/Materials/M_CobbleStone_Smooth.uasset" to "../../../../../../Users/Logan/Documents/Unreal Projects/Nullity/Content/StarterContent/Materials/M_CobbleStone_Smooth.uasset"
[2017.04.29-00.05.34:342][  0]LogPackFactory: Copied "../../../Samples/StarterContent/Content/StarterContent/Materials/M_ColorGrid_LowSpec.uasset" to "../../../../../../Users/Logan/Documents/Unreal Projects/Nullity/Content/StarterContent/Materials/M_ColorGrid_LowSpec.uasset"
[2017.04.29-00.05.34:343][  0]LogPackFactory: Copied "../../../Samples/StarterContent/Content/StarterContent/Materials/M_Concrete_Grime.uasset" to "../../../../../../Users/Logan/Documents/Unreal Projects/Nullity/Content/StarterContent/Materials/M_Concrete_Grime.uasset"
[2017.04.29-00.05.34:344][  0]LogPackFactory: Copied "../../../Samples/StarterContent/Content/StarterContent/Materials/M_Concrete_Panels.uasset" to "../../../../../../Users/Logan/Documents/Unreal Projects/Nullity/Content/StarterContent/Materials/M_Concrete_Panels.uasset"
[2017.04.29-00.05.34:345][  0]LogPackFactory: Copied "../../../Samples/StarterContent/Content/StarterContent/Materials/M_Concrete_Poured.uasset" to "../../../../../../Users/Logan/Documents/Unreal Projects/Nullity/Content/StarterContent/Materials/M_Concrete_Poured.uasset"
[2017.04.29-00.05.34:356][  0]LogPackFactory: Copied "../../../Samples/StarterContent/Content/StarterContent/Materials/M_Concrete_Tiles.uasset" to "../../../../../../Users/Logan/Documents/Unreal Projects/Nullity/Content/StarterContent/Materials/M_Concrete_Tiles.uasset"
[2017.04.29-00.05.34:375][  0]LogPackFactory: Copied "../../../Samples/StarterContent/Content/StarterContent/Materials/M_Glass.uasset" to "../../../../../../Users/Logan/Documents/Unreal Projects/Nullity/Content/StarterContent/Materials/M_Glass.uasset"
[2017.04.29-00.05.34:376][  0]LogPackFactory: Copied "../../../Samples/StarterContent/Content/StarterContent/Materials/M_Ground_Grass.uasset" to "../../../../../../Users/Logan/Documents/Unreal Projects/Nullity/Content/StarterContent/Materials/M_Ground_Grass.uasset"
[2017.04.29-00.05.34:377][  0]LogPackFactory: Copied "../../../Samples/StarterContent/Content/StarterContent/Materials/M_Ground_Gravel.uasset" to "../../../../../../Users/Logan/Documents/Unreal Projects/Nullity/Content/StarterContent/Materials/M_Ground_Gravel.uasset"
[2017.04.29-00.05.34:378][  0]LogPackFactory: Copied "../../../Samples/StarterContent/Content/StarterContent/Materials/M_Ground_Moss.uasset" to "../../../../../../Users/Logan/Documents/Unreal Projects/Nullity/Content/StarterContent/Materials/M_Ground_Moss.uasset"
[2017.04.29-00.05.34:428][  0]LogPackFactory: Copied "../../../Samples/StarterContent/Content/StarterContent/Materials/M_Metal_Brushed_Nickel.uasset" to "../../../../../../Users/Logan/Documents/Unreal Projects/Nullity/Content/StarterContent/Materials/M_Metal_Brushed_Nickel.uasset"
[2017.04.29-00.05.34:429][  0]LogPackFactory: Copied "../../../Samples/StarterContent/Content/StarterContent/Materials/M_Metal_Burnished_Steel.uasset" to "../../../../../../Users/Logan/Documents/Unreal Projects/Nullity/Content/StarterContent/Materials/M_Metal_Burnished_Steel.uasset"
[2017.04.29-00.05.34:430][  0]LogPackFactory: Copied "../../../Samples/StarterContent/Content/StarterContent/Materials/M_Metal_Chrome.uasset" to "../../../../../../Users/Logan/Documents/Unreal Projects/Nullity/Content/StarterContent/Materials/M_Metal_Chrome.uasset"
[2017.04.29-00.05.34:432][  0]LogPackFactory: Copied "../../../Samples/StarterContent/Content/StarterContent/Materials/M_Metal_Copper.uasset" to "../../../../../../Users/Logan/Documents/Unreal Projects/Nullity/Content/StarterContent/Materials/M_Metal_Copper.uasset"
[2017.04.29-00.05.34:434][  0]LogPackFactory: Copied "../../../Samples/StarterContent/Content/StarterContent/Materials/M_Metal_Gold.uasset" to "../../../../../../Users/Logan/Documents/Unreal Projects/Nullity/Content/StarterContent/Materials/M_Metal_Gold.uasset"
[2017.04.29-00.05.34:435][  0]LogPackFactory: Copied "../../../Samples/StarterContent/Content/StarterContent/Materials/M_Metal_Rust.uasset" to "../../../../../../Users/Logan/Documents/Unreal Projects/Nullity/Content/StarterContent/Materials/M_Metal_Rust.uasset"
[2017.04.29-00.05.34:437][  0]LogPackFactory: Copied "../../../Samples/StarterContent/Content/StarterContent/Materials/M_Metal_Steel.uasset" to "../../../../../../Users/Logan/Documents/Unreal Projects/Nullity/Content/StarterContent/Materials/M_Metal_Steel.uasset"
[2017.04.29-00.05.34:439][  0]LogPackFactory: Copied "../../../Samples/StarterContent/Content/StarterContent/Materials/M_Rock_Basalt.uasset" to "../../../../../../Users/Logan/Documents/Unreal Projects/Nullity/Content/StarterContent/Materials/M_Rock_Basalt.uasset"
[2017.04.29-00.05.34:440][  0]LogPackFactory: Copied "../../../Samples/StarterContent/Content/StarterContent/Materials/M_Rock_Marble_Polished.uasset" to "../../../../../../Users/Logan/Documents/Unreal Projects/Nullity/Content/StarterContent/Materials/M_Rock_Marble_Polished.uasset"
[2017.04.29-00.05.34:441][  0]LogPackFactory: Copied "../../../Samples/StarterContent/Content/StarterContent/Materials/M_Rock_Sandstone.uasset" to "../../../../../../Users/Logan/Documents/Unreal Projects/Nullity/Content/StarterContent/Materials/M_Rock_Sandstone.uasset"
[2017.04.29-00.05.34:442][  0]LogPackFactory: Copied "../../../Samples/StarterContent/Content/StarterContent/Materials/M_Rock_Slate.uasset" to "../../../../../../Users/Logan/Documents/Unreal Projects/Nullity/Content/StarterContent/Materials/M_Rock_Slate.uasset"
[2017.04.29-00.05.34:443][  0]LogPackFactory: Copied "../../../Samples/StarterContent/Content/StarterContent/Materials/M_Tech_Checker_Dot.uasset" to "../../../../../../Users/Logan/Documents/Unreal Projects/Nullity/Content/StarterContent/Materials/M_Tech_Checker_Dot.uasset"
[2017.04.29-00.05.34:444][  0]LogPackFactory: Copied "../../../Samples/StarterContent/Content/StarterContent/Materials/M_Tech_Hex_Tile.uasset" to "../../../../../../Users/Logan/Documents/Unreal Projects/Nullity/Content/StarterContent/Materials/M_Tech_Hex_Tile.uasset"
[2017.04.29-00.05.34:445][  0]LogPackFactory: Copied "../../../Samples/StarterContent/Content/StarterContent/Materials/M_Tech_Hex_Tile_Pulse.uasset" to "../../../../../../Users/Logan/Documents/Unreal Projects/Nullity/Content/StarterContent/Materials/M_Tech_Hex_Tile_Pulse.uasset"
[2017.04.29-00.05.34:446][  0]LogPackFactory: Copied "../../../Samples/StarterContent/Content/StarterContent/Materials/M_Tech_Panel.uasset" to "../../../../../../Users/Logan/Documents/Unreal Projects/Nullity/Content/StarterContent/Materials/M_Tech_Panel.uasset"
[2017.04.29-00.05.34:447][  0]LogPackFactory: Copied "../../../Samples/StarterContent/Content/StarterContent/Materials/M_Water_Lake.uasset" to "../../../../../../Users/Logan/Documents/Unreal Projects/Nullity/Content/StarterContent/Materials/M_Water_Lake.uasset"
[2017.04.29-00.05.34:448][  0]LogPackFactory: Copied "../../../Samples/StarterContent/Content/StarterContent/Materials/M_Water_Ocean.uasset" to "../../../../../../Users/Logan/Documents/Unreal Projects/Nullity/Content/StarterContent/Materials/M_Water_Ocean.uasset"
[2017.04.29-00.05.34:449][  0]LogPackFactory: Copied "../../../Samples/StarterContent/Content/StarterContent/Materials/M_Wood_Floor_Walnut_Polished.uasset" to "../../../../../../Users/Logan/Documents/Unreal Projects/Nullity/Content/StarterContent/Materials/M_Wood_Floor_Walnut_Polished.uasset"
[2017.04.29-00.05.34:450][  0]LogPackFactory: Copied "../../../Samples/StarterContent/Content/StarterContent/Materials/M_Wood_Floor_Walnut_Worn.uasset" to "../../../../../../Users/Logan/Documents/Unreal Projects/Nullity/Content/StarterContent/Materials/M_Wood_Floor_Walnut_Worn.uasset"
[2017.04.29-00.05.34:451][  0]LogPackFactory: Copied "../../../Samples/StarterContent/Content/StarterContent/Materials/M_Wood_Oak.uasset" to "../../../../../../Users/Logan/Documents/Unreal Projects/Nullity/Content/StarterContent/Materials/M_Wood_Oak.uasset"
[2017.04.29-00.05.34:452][  0]LogPackFactory: Copied "../../../Samples/StarterContent/Content/StarterContent/Materials/M_Wood_Pine.uasset" to "../../../../../../Users/Logan/Documents/Unreal Projects/Nullity/Content/StarterContent/Materials/M_Wood_Pine.uasset"
[2017.04.29-00.05.34:453][  0]LogPackFactory: Copied "../../../Samples/StarterContent/Content/StarterContent/Materials/M_Wood_Walnut.uasset" to "../../../../../../Users/Logan/Documents/Unreal Projects/Nullity/Content/StarterContent/Materials/M_Wood_Walnut.uasset"
[2017.04.29-00.05.34:454][  0]LogPackFactory: Copied "../../../Samples/StarterContent/Content/StarterContent/Particles/P_Ambient_Dust.uasset" to "../../../../../../Users/Logan/Documents/Unreal Projects/Nullity/Content/StarterContent/Particles/P_Ambient_Dust.uasset"
[2017.04.29-00.05.34:455][  0]LogPackFactory: Copied "../../../Samples/StarterContent/Content/StarterContent/Particles/P_Explosion.uasset" to "../../../../../../Users/Logan/Documents/Unreal Projects/Nullity/Content/StarterContent/Particles/P_Explosion.uasset"
[2017.04.29-00.05.34:459][  0]LogPackFactory: Copied "../../../Samples/StarterContent/Content/StarterContent/Particles/P_Fire.uasset" to "../../../../../../Users/Logan/Documents/Unreal Projects/Nullity/Content/StarterContent/Particles/P_Fire.uasset"
[2017.04.29-00.05.34:460][  0]LogPackFactory: Copied "../../../Samples/StarterContent/Content/StarterContent/Particles/P_Smoke.uasset" to "../../../../../../Users/Logan/Documents/Unreal Projects/Nullity/Content/StarterContent/Particles/P_Smoke.uasset"
[2017.04.29-00.05.34:461][  0]LogPackFactory: Copied "../../../Samples/StarterContent/Content/StarterContent/Particles/P_Sparks.uasset" to "../../../../../../Users/Logan/Documents/Unreal Projects/Nullity/Content/StarterContent/Particles/P_Sparks.uasset"
[2017.04.29-00.05.34:462][  0]LogPackFactory: Copied "../../../Samples/StarterContent/Content/StarterContent/Particles/P_Steam_Lit.uasset" to "../../../../../../Users/Logan/Documents/Unreal Projects/Nullity/Content/StarterContent/Particles/P_Steam_Lit.uasset"
[2017.04.29-00.05.34:463][  0]LogPackFactory: Copied "../../../Samples/StarterContent/Content/StarterContent/Particles/Materials/M_Burst.uasset" to "../../../../../../Users/Logan/Documents/Unreal Projects/Nullity/Content/StarterContent/Particles/Materials/M_Burst.uasset"
[2017.04.29-00.05.34:464][  0]LogPackFactory: Copied "../../../Samples/StarterContent/Content/StarterContent/Particles/Materials/M_Dust_Particle.uasset" to "../../../../../../Users/Logan/Documents/Unreal Projects/Nullity/Content/StarterContent/Particles/Materials/M_Dust_Particle.uasset"
[2017.04.29-00.05.34:469][  0]LogPackFactory: Copied "../../../Samples/StarterContent/Content/StarterContent/Particles/Materials/M_explosion_subUV.uasset" to "../../../../../../Users/Logan/Documents/Unreal Projects/Nullity/Content/StarterContent/Particles/Materials/M_explosion_subUV.uasset"
[2017.04.29-00.05.34:470][  0]LogPackFactory: Copied "../../../Samples/StarterContent/Content/StarterContent/Particles/Materials/M_Fire_SubUV.uasset" to "../../../../../../Users/Logan/Documents/Unreal Projects/Nullity/Content/StarterContent/Particles/Materials/M_Fire_SubUV.uasset"
[2017.04.29-00.05.34:471][  0]LogPackFactory: Copied "../../../Samples/StarterContent/Content/StarterContent/Particles/Materials/m_flare_01.uasset" to "../../../../../../Users/Logan/Documents/Unreal Projects/Nullity/Content/StarterContent/Particles/Materials/m_flare_01.uasset"
[2017.04.29-00.05.34:472][  0]LogPackFactory: Copied "../../../Samples/StarterContent/Content/StarterContent/Particles/Materials/M_Heat_Distortion.uasset" to "../../../../../../Users/Logan/Documents/Unreal Projects/Nullity/Content/StarterContent/Particles/Materials/M_Heat_Distortion.uasset"
[2017.04.29-00.05.34:473][  0]LogPackFactory: Copied "../../../Samples/StarterContent/Content/StarterContent/Particles/Materials/M_Radial_Gradient.uasset" to "../../../../../../Users/Logan/Documents/Unreal Projects/Nullity/Content/StarterContent/Particles/Materials/M_Radial_Gradient.uasset"
[2017.04.29-00.05.34:474][  0]LogPackFactory: Copied "../../../Samples/StarterContent/Content/StarterContent/Particles/Materials/M_radial_ramp.uasset" to "../../../../../../Users/Logan/Documents/Unreal Projects/Nullity/Content/StarterContent/Particles/Materials/M_radial_ramp.uasset"
[2017.04.29-00.05.34:475][  0]LogPackFactory: Copied "../../../Samples/StarterContent/Content/StarterContent/Particles/Materials/M_smoke_subUV.uasset" to "../../../../../../Users/Logan/Documents/Unreal Projects/Nullity/Content/StarterContent/Particles/Materials/M_smoke_subUV.uasset"
[2017.04.29-00.05.34:476][  0]LogPackFactory: Copied "../../../Samples/StarterContent/Content/StarterContent/Particles/Materials/M_Spark.uasset" to "../../../../../../Users/Logan/Documents/Unreal Projects/Nullity/Content/StarterContent/Particles/Materials/M_Spark.uasset"
[2017.04.29-00.05.34:478][  0]LogPackFactory: Copied "../../../Samples/StarterContent/Content/StarterContent/Props/MaterialSphere.uasset" to "../../../../../../Users/Logan/Documents/Unreal Projects/Nullity/Content/StarterContent/Props/MaterialSphere.uasset"
[2017.04.29-00.05.34:479][  0]LogPackFactory: Copied "../../../Samples/StarterContent/Content/StarterContent/Props/SM_Bush.uasset" to "../../../../../../Users/Logan/Documents/Unreal Projects/Nullity/Content/StarterContent/Props/SM_Bush.uasset"
[2017.04.29-00.05.34:484][  0]LogPackFactory: Copied "../../../Samples/StarterContent/Content/StarterContent/Props/SM_Chair.uasset" to "../../../../../../Users/Logan/Documents/Unreal Projects/Nullity/Content/StarterContent/Props/SM_Chair.uasset"
[2017.04.29-00.05.34:485][  0]LogPackFactory: Copied "../../../Samples/StarterContent/Content/StarterContent/Props/SM_CornerFrame.uasset" to "../../../../../../Users/Logan/Documents/Unreal Projects/Nullity/Content/StarterContent/Props/SM_CornerFrame.uasset"
[2017.04.29-00.05.34:486][  0]LogPackFactory: Copied "../../../Samples/StarterContent/Content/StarterContent/Props/SM_Couch.uasset" to "../../../../../../Users/Logan/Documents/Unreal Projects/Nullity/Content/StarterContent/Props/SM_Couch.uasset"
[2017.04.29-00.05.34:488][  0]LogPackFactory: Copied "../../../Samples/StarterContent/Content/StarterContent/Props/SM_Door.uasset" to "../../../../../../Users/Logan/Documents/Unreal Projects/Nullity/Content/StarterContent/Props/SM_Door.uasset"
[2017.04.29-00.05.34:488][  0]LogPackFactory: Copied "../../../Samples/StarterContent/Content/StarterContent/Props/SM_DoorFrame.uasset" to "../../../../../../Users/Logan/Documents/Unreal Projects/Nullity/Content/StarterContent/Props/SM_DoorFrame.uasset"
[2017.04.29-00.05.34:489][  0]LogPackFactory: Copied "../../../Samples/StarterContent/Content/StarterContent/Props/SM_GlassWindow.uasset" to "../../../../../../Users/Logan/Documents/Unreal Projects/Nullity/Content/StarterContent/Props/SM_GlassWindow.uasset"
[2017.04.29-00.05.34:490][  0]LogPackFactory: Copied "../../../Samples/StarterContent/Content/StarterContent/Props/SM_Lamp_Ceiling.uasset" to "../../../../../../Users/Logan/Documents/Unreal Projects/Nullity/Content/StarterContent/Props/SM_Lamp_Ceiling.uasset"
[2017.04.29-00.05.34:491][  0]LogPackFactory: Copied "../../../Samples/StarterContent/Content/StarterContent/Props/SM_Lamp_Wall.uasset" to "../../../../../../Users/Logan/Documents/Unreal Projects/Nullity/Content/StarterContent/Props/SM_Lamp_Wall.uasset"
[2017.04.29-00.05.34:493][  0]LogPackFactory: Copied "../../../Samples/StarterContent/Content/StarterContent/Props/SM_MatPreviewMesh_02.uasset" to "../../../../../../Users/Logan/Documents/Unreal Projects/Nullity/Content/StarterContent/Props/SM_MatPreviewMesh_02.uasset"
[2017.04.29-00.05.34:494][  0]LogPackFactory: Copied "../../../Samples/StarterContent/Content/StarterContent/Props/SM_PillarFrame.uasset" to "../../../../../../Users/Logan/Documents/Unreal Projects/Nullity/Content/StarterContent/Props/SM_PillarFrame.uasset"
[2017.04.29-00.05.34:495][  0]LogPackFactory: Copied "../../../Samples/StarterContent/Content/StarterContent/Props/SM_PillarFrame300.uasset" to "../../../../../../Users/Logan/Documents/Unreal Projects/Nullity/Content/StarterContent/Props/SM_PillarFrame300.uasset"
[2017.04.29-00.05.34:496][  0]LogPackFactory: Copied "../../../Samples/StarterContent/Content/StarterContent/Props/SM_Rock.uasset" to "../../../../../../Users/Logan/Documents/Unreal Projects/Nullity/Content/StarterContent/Props/SM_Rock.uasset"
[2017.04.29-00.05.34:497][  0]LogPackFactory: Copied "../../../Samples/StarterContent/Content/StarterContent/Props/SM_Shelf.uasset" to "../../../../../../Users/Logan/Documents/Unreal Projects/Nullity/Content/StarterContent/Props/SM_Shelf.uasset"
[2017.04.29-00.05.34:498][  0]LogPackFactory: Copied "../../../Samples/StarterContent/Content/StarterContent/Props/SM_Stairs.uasset" to "../../../../../../Users/Logan/Documents/Unreal Projects/Nullity/Content/StarterContent/Props/SM_Stairs.uasset"
[2017.04.29-00.05.34:499][  0]LogPackFactory: Copied "../../../Samples/StarterContent/Content/StarterContent/Props/SM_Statue.uasset" to "../../../../../../Users/Logan/Documents/Unreal Projects/Nullity/Content/StarterContent/Props/SM_Statue.uasset"
[2017.04.29-00.05.34:501][  0]LogPackFactory: Copied "../../../Samples/StarterContent/Content/StarterContent/Props/SM_TableRound.uasset" to "../../../../../../Users/Logan/Documents/Unreal Projects/Nullity/Content/StarterContent/Props/SM_TableRound.uasset"
[2017.04.29-00.05.34:501][  0]LogPackFactory: Copied "../../../Samples/StarterContent/Content/StarterContent/Props/SM_WindowFrame.uasset" to "../../../../../../Users/Logan/Documents/Unreal Projects/Nullity/Content/StarterContent/Props/SM_WindowFrame.uasset"
[2017.04.29-00.05.34:502][  0]LogPackFactory: Copied "../../../Samples/StarterContent/Content/StarterContent/Props/Materials/M_Bush.uasset" to "../../../../../../Users/Logan/Documents/Unreal Projects/Nullity/Content/StarterContent/Props/Materials/M_Bush.uasset"
[2017.04.29-00.05.34:503][  0]LogPackFactory: Copied "../../../Samples/StarterContent/Content/StarterContent/Props/Materials/M_Chair.uasset" to "../../../../../../Users/Logan/Documents/Unreal Projects/Nullity/Content/StarterContent/Props/Materials/M_Chair.uasset"
[2017.04.29-00.05.34:504][  0]LogPackFactory: Copied "../../../Samples/StarterContent/Content/StarterContent/Props/Materials/M_Door.uasset" to "../../../../../../Users/Logan/Documents/Unreal Projects/Nullity/Content/StarterContent/Props/Materials/M_Door.uasset"
[2017.04.29-00.05.34:506][  0]LogPackFactory: Copied "../../../Samples/StarterContent/Content/StarterContent/Props/Materials/M_Frame.uasset" to "../../../../../../Users/Logan/Documents/Unreal Projects/Nullity/Content/StarterContent/Props/Materials/M_Frame.uasset"
[2017.04.29-00.05.34:506][  0]LogPackFactory: Copied "../../../Samples/StarterContent/Content/StarterContent/Props/Materials/M_Lamp.uasset" to "../../../../../../Users/Logan/Documents/Unreal Projects/Nullity/Content/StarterContent/Props/Materials/M_Lamp.uasset"
[2017.04.29-00.05.34:507][  0]LogPackFactory: Copied "../../../Samples/StarterContent/Content/StarterContent/Props/Materials/M_MaterialSphere.uasset" to "../../../../../../Users/Logan/Documents/Unreal Projects/Nullity/Content/StarterContent/Props/Materials/M_MaterialSphere.uasset"
[2017.04.29-00.05.34:508][  0]LogPackFactory: Copied "../../../Samples/StarterContent/Content/StarterContent/Props/Materials/M_MaterialSphere_Plain.uasset" to "../../../../../../Users/Logan/Documents/Unreal Projects/Nullity/Content/StarterContent/Props/Materials/M_MaterialSphere_Plain.uasset"
[2017.04.29-00.05.34:509][  0]LogPackFactory: Copied "../../../Samples/StarterContent/Content/StarterContent/Props/Materials/M_Rock.uasset" to "../../../../../../Users/Logan/Documents/Unreal Projects/Nullity/Content/StarterContent/Props/Materials/M_Rock.uasset"
[2017.04.29-00.05.34:510][  0]LogPackFactory: Copied "../../../Samples/StarterContent/Content/StarterContent/Props/Materials/M_Shelf.uasset" to "../../../../../../Users/Logan/Documents/Unreal Projects/Nullity/Content/StarterContent/Props/Materials/M_Shelf.uasset"
[2017.04.29-00.05.34:511][  0]LogPackFactory: Copied "../../../Samples/StarterContent/Content/StarterContent/Props/Materials/M_Statue.uasset" to "../../../../../../Users/Logan/Documents/Unreal Projects/Nullity/Content/StarterContent/Props/Materials/M_Statue.uasset"
[2017.04.29-00.05.34:512][  0]LogPackFactory: Copied "../../../Samples/StarterContent/Content/StarterContent/Props/Materials/M_StatueGlass.uasset" to "../../../../../../Users/Logan/Documents/Unreal Projects/Nullity/Content/StarterContent/Props/Materials/M_StatueGlass.uasset"
[2017.04.29-00.05.34:513][  0]LogPackFactory: Copied "../../../Samples/StarterContent/Content/StarterContent/Props/Materials/M_TableRound.uasset" to "../../../../../../Users/Logan/Documents/Unreal Projects/Nullity/Content/StarterContent/Props/Materials/M_TableRound.uasset"
[2017.04.29-00.05.34:514][  0]LogPackFactory: Copied "../../../Samples/StarterContent/Content/StarterContent/Shapes/Shape_Cone.uasset" to "../../../../../../Users/Logan/Documents/Unreal Projects/Nullity/Content/StarterContent/Shapes/Shape_Cone.uasset"
[2017.04.29-00.05.34:515][  0]LogPackFactory: Copied "../../../Samples/StarterContent/Content/StarterContent/Shapes/Shape_Cube.uasset" to "../../../../../../Users/Logan/Documents/Unreal Projects/Nullity/Content/StarterContent/Shapes/Shape_Cube.uasset"
[2017.04.29-00.05.34:516][  0]LogPackFactory: Copied "../../../Samples/StarterContent/Content/StarterContent/Shapes/Shape_Cylinder.uasset" to "../../../../../../Users/Logan/Documents/Unreal Projects/Nullity/Content/StarterContent/Shapes/Shape_Cylinder.uasset"
[2017.04.29-00.05.34:517][  0]LogPackFactory: Copied "../../../Samples/StarterContent/Content/StarterContent/Shapes/Shape_NarrowCapsule.uasset" to "../../../../../../Users/Logan/Documents/Unreal Projects/Nullity/Content/StarterContent/Shapes/Shape_NarrowCapsule.uasset"
[2017.04.29-00.05.34:517][  0]LogPackFactory: Copied "../../../Samples/StarterContent/Content/StarterContent/Shapes/Shape_Pipe.uasset" to "../../../../../../Users/Logan/Documents/Unreal Projects/Nullity/Content/StarterContent/Shapes/Shape_Pipe.uasset"
[2017.04.29-00.05.34:518][  0]LogPackFactory: Copied "../../../Samples/StarterContent/Content/StarterContent/Shapes/Shape_Pipe_180.uasset" to "../../../../../../Users/Logan/Documents/Unreal Projects/Nullity/Content/StarterContent/Shapes/Shape_Pipe_180.uasset"
[2017.04.29-00.05.34:519][  0]LogPackFactory: Copied "../../../Samples/StarterContent/Content/StarterContent/Shapes/Shape_Pipe_90.uasset" to "../../../../../../Users/Logan/Documents/Unreal Projects/Nullity/Content/StarterContent/Shapes/Shape_Pipe_90.uasset"
[2017.04.29-00.05.34:520][  0]LogPackFactory: Copied "../../../Samples/StarterContent/Content/StarterContent/Shapes/Shape_Plane.uasset" to "../../../../../../Users/Logan/Documents/Unreal Projects/Nullity/Content/StarterContent/Shapes/Shape_Plane.uasset"
[2017.04.29-00.05.34:521][  0]LogPackFactory: Copied "../../../Samples/StarterContent/Content/StarterContent/Shapes/Shape_QuadPyramid.uasset" to "../../../../../../Users/Logan/Documents/Unreal Projects/Nullity/Content/StarterContent/Shapes/Shape_QuadPyramid.uasset"
[2017.04.29-00.05.34:522][  0]LogPackFactory: Copied "../../../Samples/StarterContent/Content/StarterContent/Shapes/Shape_Sphere.uasset" to "../../../../../../Users/Logan/Documents/Unreal Projects/Nullity/Content/StarterContent/Shapes/Shape_Sphere.uasset"
[2017.04.29-00.05.34:523][  0]LogPackFactory: Copied "../../../Samples/StarterContent/Content/StarterContent/Shapes/Shape_Torus.uasset" to "../../../../../../Users/Logan/Documents/Unreal Projects/Nullity/Content/StarterContent/Shapes/Shape_Torus.uasset"
[2017.04.29-00.05.34:523][  0]LogPackFactory: Copied "../../../Samples/StarterContent/Content/StarterContent/Shapes/Shape_Trim.uasset" to "../../../../../../Users/Logan/Documents/Unreal Projects/Nullity/Content/StarterContent/Shapes/Shape_Trim.uasset"
[2017.04.29-00.05.34:524][  0]LogPackFactory: Copied "../../../Samples/StarterContent/Content/StarterContent/Shapes/Shape_Trim_90_In.uasset" to "../../../../../../Users/Logan/Documents/Unreal Projects/Nullity/Content/StarterContent/Shapes/Shape_Trim_90_In.uasset"
[2017.04.29-00.05.34:525][  0]LogPackFactory: Copied "../../../Samples/StarterContent/Content/StarterContent/Shapes/Shape_Trim_90_Out.uasset" to "../../../../../../Users/Logan/Documents/Unreal Projects/Nullity/Content/StarterContent/Shapes/Shape_Trim_90_Out.uasset"
[2017.04.29-00.05.34:526][  0]LogPackFactory: Copied "../../../Samples/StarterContent/Content/StarterContent/Shapes/Shape_TriPyramid.uasset" to "../../../../../../Users/Logan/Documents/Unreal Projects/Nullity/Content/StarterContent/Shapes/Shape_TriPyramid.uasset"
[2017.04.29-00.05.34:527][  0]LogPackFactory: Copied "../../../Samples/StarterContent/Content/StarterContent/Shapes/Shape_Tube.uasset" to "../../../../../../Users/Logan/Documents/Unreal Projects/Nullity/Content/StarterContent/Shapes/Shape_Tube.uasset"
[2017.04.29-00.05.34:528][  0]LogPackFactory: Copied "../../../Samples/StarterContent/Content/StarterContent/Shapes/Shape_Wedge_A.uasset" to "../../../../../../Users/Logan/Documents/Unreal Projects/Nullity/Content/StarterContent/Shapes/Shape_Wedge_A.uasset"
[2017.04.29-00.05.34:529][  0]LogPackFactory: Copied "../../../Samples/StarterContent/Content/StarterContent/Shapes/Shape_Wedge_B.uasset" to "../../../../../../Users/Logan/Documents/Unreal Projects/Nullity/Content/StarterContent/Shapes/Shape_Wedge_B.uasset"
[2017.04.29-00.05.34:530][  0]LogPackFactory: Copied "../../../Samples/StarterContent/Content/StarterContent/Shapes/Shape_WideCapsule.uasset" to "../../../../../../Users/Logan/Documents/Unreal Projects/Nullity/Content/StarterContent/Shapes/Shape_WideCapsule.uasset"
[2017.04.29-00.05.34:534][  0]LogPackFactory: Copied "../../../Samples/StarterContent/Content/StarterContent/Textures/T_Brick_Clay_Beveled_D.uasset" to "../../../../../../Users/Logan/Documents/Unreal Projects/Nullity/Content/StarterContent/Textures/T_Brick_Clay_Beveled_D.uasset"
[2017.04.29-00.05.34:538][  0]LogPackFactory: Copied "../../../Samples/StarterContent/Content/StarterContent/Textures/T_Brick_Clay_Beveled_M.uasset" to "../../../../../../Users/Logan/Documents/Unreal Projects/Nullity/Content/StarterContent/Textures/T_Brick_Clay_Beveled_M.uasset"
[2017.04.29-00.05.34:563][  0]LogPackFactory: Copied "../../../Samples/StarterContent/Content/StarterContent/Textures/T_Brick_Clay_Beveled_N.uasset" to "../../../../../../Users/Logan/Documents/Unreal Projects/Nullity/Content/StarterContent/Textures/T_Brick_Clay_Beveled_N.uasset"
[2017.04.29-00.05.34:566][  0]LogPackFactory: Copied "../../../Samples/StarterContent/Content/StarterContent/Textures/T_Brick_Clay_New_D.uasset" to "../../../../../../Users/Logan/Documents/Unreal Projects/Nullity/Content/StarterContent/Textures/T_Brick_Clay_New_D.uasset"
[2017.04.29-00.05.34:570][  0]LogPackFactory: Copied "../../../Samples/StarterContent/Content/StarterContent/Textures/T_Brick_Clay_New_M.uasset" to "../../../../../../Users/Logan/Documents/Unreal Projects/Nullity/Content/StarterContent/Textures/T_Brick_Clay_New_M.uasset"
[2017.04.29-00.05.34:574][  0]LogPackFactory: Copied "../../../Samples/StarterContent/Content/StarterContent/Textures/T_Brick_Clay_New_N.uasset" to "../../../../../../Users/Logan/Documents/Unreal Projects/Nullity/Content/StarterContent/Textures/T_Brick_Clay_New_N.uasset"
[2017.04.29-00.05.34:580][  0]LogPackFactory: Copied "../../../Samples/StarterContent/Content/StarterContent/Textures/T_Brick_Clay_Old_D.uasset" to "../../../../../../Users/Logan/Documents/Unreal Projects/Nullity/Content/StarterContent/Textures/T_Brick_Clay_Old_D.uasset"
[2017.04.29-00.05.34:583][  0]LogPackFactory: Copied "../../../Samples/StarterContent/Content/StarterContent/Textures/T_Brick_Clay_Old_N.uasset" to "../../../../../../Users/Logan/Documents/Unreal Projects/Nullity/Content/StarterContent/Textures/T_Brick_Clay_Old_N.uasset"
[2017.04.29-00.05.34:589][  0]LogPackFactory: Copied "../../../Samples/StarterContent/Content/StarterContent/Textures/T_Brick_Cut_Stone_D.uasset" to "../../../../../../Users/Logan/Documents/Unreal Projects/Nullity/Content/StarterContent/Textures/T_Brick_Cut_Stone_D.uasset"
[2017.04.29-00.05.34:593][  0]LogPackFactory: Copied "../../../Samples/StarterContent/Content/StarterContent/Textures/T_Brick_Cut_Stone_N.uasset" to "../../../../../../Users/Logan/Documents/Unreal Projects/Nullity/Content/StarterContent/Textures/T_Brick_Cut_Stone_N.uasset"
[2017.04.29-00.05.34:597][  0]LogPackFactory: Copied "../../../Samples/StarterContent/Content/StarterContent/Textures/T_Brick_Hewn_Stone_D.uasset" to "../../../../../../Users/Logan/Documents/Unreal Projects/Nullity/Content/StarterContent/Textures/T_Brick_Hewn_Stone_D.uasset"
[2017.04.29-00.05.34:612][  0]LogPackFactory: Copied "../../../Samples/StarterContent/Content/StarterContent/Textures/T_Brick_Hewn_Stone_M.uasset" to "../../../../../../Users/Logan/Documents/Unreal Projects/Nullity/Content/StarterContent/Textures/T_Brick_Hewn_Stone_M.uasset"
[2017.04.29-00.05.34:616][  0]LogPackFactory: Copied "../../../Samples/StarterContent/Content/StarterContent/Textures/T_Brick_Hewn_Stone_N.uasset" to "../../../../../../Users/Logan/Documents/Unreal Projects/Nullity/Content/StarterContent/Textures/T_Brick_Hewn_Stone_N.uasset"
[2017.04.29-00.05.34:617][  0]LogPackFactory: Copied "../../../Samples/StarterContent/Content/StarterContent/Textures/T_Burst_M.uasset" to "../../../../../../Users/Logan/Documents/Unreal Projects/Nullity/Content/StarterContent/Textures/T_Burst_M.uasset"
[2017.04.29-00.05.34:618][  0]LogPackFactory: Copied "../../../Samples/StarterContent/Content/StarterContent/Textures/T_Bush_D.uasset" to "../../../../../../Users/Logan/Documents/Unreal Projects/Nullity/Content/StarterContent/Textures/T_Bush_D.uasset"
[2017.04.29-00.05.34:619][  0]LogPackFactory: Copied "../../../Samples/StarterContent/Content/StarterContent/Textures/T_Bush_N.uasset" to "../../../../../../Users/Logan/Documents/Unreal Projects/Nullity/Content/StarterContent/Textures/T_Bush_N.uasset"
[2017.04.29-00.05.34:620][  0]LogPackFactory: Copied "../../../Samples/StarterContent/Content/StarterContent/Textures/T_Ceramic_Tile_M.uasset" to "../../../../../../Users/Logan/Documents/Unreal Projects/Nullity/Content/StarterContent/Textures/T_Ceramic_Tile_M.uasset"
[2017.04.29-00.05.34:621][  0]LogPackFactory: Copied "../../../Samples/StarterContent/Content/StarterContent/Textures/T_Ceramic_Tile_N.uasset" to "../../../../../../Users/Logan/Documents/Unreal Projects/Nullity/Content/StarterContent/Textures/T_Ceramic_Tile_N.uasset"
[2017.04.29-00.05.34:622][  0]LogPackFactory: Copied "../../../Samples/StarterContent/Content/StarterContent/Textures/T_Chair_M.uasset" to "../../../../../../Users/Logan/Documents/Unreal Projects/Nullity/Content/StarterContent/Textures/T_Chair_M.uasset"
[2017.04.29-00.05.34:624][  0]LogPackFactory: Copied "../../../Samples/StarterContent/Content/StarterContent/Textures/T_Chair_N.uasset" to "../../../../../../Users/Logan/Documents/Unreal Projects/Nullity/Content/StarterContent/Textures/T_Chair_N.uasset"
[2017.04.29-00.05.34:625][  0]LogPackFactory: Copied "../../../Samples/StarterContent/Content/StarterContent/Textures/T_Checker_Noise_M.uasset" to "../../../../../../Users/Logan/Documents/Unreal Projects/Nullity/Content/StarterContent/Textures/T_Checker_Noise_M.uasset"
[2017.04.29-00.05.34:630][  0]LogPackFactory: Copied "../../../Samples/StarterContent/Content/StarterContent/Textures/T_CobbleStone_Pebble_D.uasset" to "../../../../../../Users/Logan/Documents/Unreal Projects/Nullity/Content/StarterContent/Textures/T_CobbleStone_Pebble_D.uasset"
[2017.04.29-00.05.34:632][  0]LogPackFactory: Copied "../../../Samples/StarterContent/Content/StarterContent/Textures/T_CobbleStone_Pebble_M.uasset" to "../../../../../../Users/Logan/Documents/Unreal Projects/Nullity/Content/StarterContent/Textures/T_CobbleStone_Pebble_M.uasset"
[2017.04.29-00.05.34:637][  0]LogPackFactory: Copied "../../../Samples/StarterContent/Content/StarterContent/Textures/T_CobbleStone_Pebble_N.uasset" to "../../../../../../Users/Logan/Documents/Unreal Projects/Nullity/Content/StarterContent/Textures/T_CobbleStone_Pebble_N.uasset"
[2017.04.29-00.05.34:639][  0]LogPackFactory: Copied "../../../Samples/StarterContent/Content/StarterContent/Textures/T_CobbleStone_Rough_D.uasset" to "../../../../../../Users/Logan/Documents/Unreal Projects/Nullity/Content/StarterContent/Textures/T_CobbleStone_Rough_D.uasset"
[2017.04.29-00.05.34:642][  0]LogPackFactory: Copied "../../../Samples/StarterContent/Content/StarterContent/Textures/T_CobbleStone_Rough_N.uasset" to "../../../../../../Users/Logan/Documents/Unreal Projects/Nullity/Content/StarterContent/Textures/T_CobbleStone_Rough_N.uasset"
[2017.04.29-00.05.34:645][  0]LogPackFactory: Copied "../../../Samples/StarterContent/Content/StarterContent/Textures/T_CobbleStone_Smooth_D.uasset" to "../../../../../../Users/Logan/Documents/Unreal Projects/Nullity/Content/StarterContent/Textures/T_CobbleStone_Smooth_D.uasset"
[2017.04.29-00.05.34:648][  0]LogPackFactory: Copied "../../../Samples/StarterContent/Content/StarterContent/Textures/T_CobbleStone_Smooth_M.uasset" to "../../../../../../Users/Logan/Documents/Unreal Projects/Nullity/Content/StarterContent/Textures/T_CobbleStone_Smooth_M.uasset"
[2017.04.29-00.05.34:653][  0]LogPackFactory: Copied "../../../Samples/StarterContent/Content/StarterContent/Textures/T_CobbleStone_Smooth_N.uasset" to "../../../../../../Users/Logan/Documents/Unreal Projects/Nullity/Content/StarterContent/Textures/T_CobbleStone_Smooth_N.uasset"
[2017.04.29-00.05.34:658][  0]LogPackFactory: Copied "../../../Samples/StarterContent/Content/StarterContent/Textures/T_Concrete_Grime_D.uasset" to "../../../../../../Users/Logan/Documents/Unreal Projects/Nullity/Content/StarterContent/Textures/T_Concrete_Grime_D.uasset"
[2017.04.29-00.05.34:662][  0]LogPackFactory: Copied "../../../Samples/StarterContent/Content/StarterContent/Textures/T_Concrete_Panels_D.uasset" to "../../../../../../Users/Logan/Documents/Unreal Projects/Nullity/Content/StarterContent/Textures/T_Concrete_Panels_D.uasset"
[2017.04.29-00.05.34:666][  0]LogPackFactory: Copied "../../../Samples/StarterContent/Content/StarterContent/Textures/T_Concrete_Panels_N.uasset" to "../../../../../../Users/Logan/Documents/Unreal Projects/Nullity/Content/StarterContent/Textures/T_Concrete_Panels_N.uasset"
[2017.04.29-00.05.34:671][  0]LogPackFactory: Copied "../../../Samples/StarterContent/Content/StarterContent/Textures/T_Concrete_Poured_D.uasset" to "../../../../../../Users/Logan/Documents/Unreal Projects/Nullity/Content/StarterContent/Textures/T_Concrete_Poured_D.uasset"
[2017.04.29-00.05.34:675][  0]LogPackFactory: Copied "../../../Samples/StarterContent/Content/StarterContent/Textures/T_Concrete_Poured_N.uasset" to "../../../../../../Users/Logan/Documents/Unreal Projects/Nullity/Content/StarterContent/Textures/T_Concrete_Poured_N.uasset"
[2017.04.29-00.05.34:679][  0]LogPackFactory: Copied "../../../Samples/StarterContent/Content/StarterContent/Textures/T_Concrete_Tiles_D.uasset" to "../../../../../../Users/Logan/Documents/Unreal Projects/Nullity/Content/StarterContent/Textures/T_Concrete_Tiles_D.uasset"
[2017.04.29-00.05.34:682][  0]LogPackFactory: Copied "../../../Samples/StarterContent/Content/StarterContent/Textures/T_Concrete_Tiles_M.uasset" to "../../../../../../Users/Logan/Documents/Unreal Projects/Nullity/Content/StarterContent/Textures/T_Concrete_Tiles_M.uasset"
[2017.04.29-00.05.34:685][  0]LogPackFactory: Copied "../../../Samples/StarterContent/Content/StarterContent/Textures/T_Concrete_Tiles_N.uasset" to "../../../../../../Users/Logan/Documents/Unreal Projects/Nullity/Content/StarterContent/Textures/T_Concrete_Tiles_N.uasset"
[2017.04.29-00.05.34:687][  0]LogPackFactory: Copied "../../../Samples/StarterContent/Content/StarterContent/Textures/T_Concrete_Tiles_Variation_M.uasset" to "../../../../../../Users/Logan/Documents/Unreal Projects/Nullity/Content/StarterContent/Textures/T_Concrete_Tiles_Variation_M.uasset"
[2017.04.29-00.05.34:689][  0]LogPackFactory: Copied "../../../Samples/StarterContent/Content/StarterContent/Textures/T_Detail_Rocky_N.uasset" to "../../../../../../Users/Logan/Documents/Unreal Projects/Nullity/Content/StarterContent/Textures/T_Detail_Rocky_N.uasset"
[2017.04.29-00.05.34:690][  0]LogPackFactory: Copied "../../../Samples/StarterContent/Content/StarterContent/Textures/T_Door_M.uasset" to "../../../../../../Users/Logan/Documents/Unreal Projects/Nullity/Content/StarterContent/Textures/T_Door_M.uasset"
[2017.04.29-00.05.34:727][  0]LogPackFactory: Copied "../../../Samples/StarterContent/Content/StarterContent/Textures/T_Door_N.uasset" to "../../../../../../Users/Logan/Documents/Unreal Projects/Nullity/Content/StarterContent/Textures/T_Door_N.uasset"
[2017.04.29-00.05.34:728][  0]LogPackFactory: Copied "../../../Samples/StarterContent/Content/StarterContent/Textures/T_Dust_Particle_D.uasset" to "../../../../../../Users/Logan/Documents/Unreal Projects/Nullity/Content/StarterContent/Textures/T_Dust_Particle_D.uasset"
[2017.04.29-00.05.34:730][  0]LogPackFactory: Copied "../../../Samples/StarterContent/Content/StarterContent/Textures/T_Explosion_SubUV.uasset" to "../../../../../../Users/Logan/Documents/Unreal Projects/Nullity/Content/StarterContent/Textures/T_Explosion_SubUV.uasset"
[2017.04.29-00.05.34:743][  0]LogPackFactory: Copied "../../../Samples/StarterContent/Content/StarterContent/Textures/T_Fire_SubUV.uasset" to "../../../../../../Users/Logan/Documents/Unreal Projects/Nullity/Content/StarterContent/Textures/T_Fire_SubUV.uasset"
[2017.04.29-00.05.34:771][  0]LogPackFactory: Copied "../../../Samples/StarterContent/Content/StarterContent/Textures/T_Fire_Tiled_D.uasset" to "../../../../../../Users/Logan/Documents/Unreal Projects/Nullity/Content/StarterContent/Textures/T_Fire_Tiled_D.uasset"
[2017.04.29-00.05.34:772][  0]LogPackFactory: Copied "../../../Samples/StarterContent/Content/StarterContent/Textures/T_Frame_M.uasset" to "../../../../../../Users/Logan/Documents/Unreal Projects/Nullity/Content/StarterContent/Textures/T_Frame_M.uasset"
[2017.04.29-00.05.34:774][  0]LogPackFactory: Copied "../../../Samples/StarterContent/Content/StarterContent/Textures/T_Frame_N.uasset" to "../../../../../../Users/Logan/Documents/Unreal Projects/Nullity/Content/StarterContent/Textures/T_Frame_N.uasset"
[2017.04.29-00.05.34:793][  0]LogPackFactory: Copied "../../../Samples/StarterContent/Content/StarterContent/Textures/T_Gradinet_01.uasset" to "../../../../../../Users/Logan/Documents/Unreal Projects/Nullity/Content/StarterContent/Textures/T_Gradinet_01.uasset"
[2017.04.29-00.05.34:799][  0]LogPackFactory: Copied "../../../Samples/StarterContent/Content/StarterContent/Textures/T_Ground_Grass_D.uasset" to "../../../../../../Users/Logan/Documents/Unreal Projects/Nullity/Content/StarterContent/Textures/T_Ground_Grass_D.uasset"
[2017.04.29-00.05.34:805][  0]LogPackFactory: Copied "../../../Samples/StarterContent/Content/StarterContent/Textures/T_Ground_Grass_N.uasset" to "../../../../../../Users/Logan/Documents/Unreal Projects/Nullity/Content/StarterContent/Textures/T_Ground_Grass_N.uasset"
[2017.04.29-00.05.34:810][  0]LogPackFactory: Copied "../../../Samples/StarterContent/Content/StarterContent/Textures/T_Ground_Gravel_D.uasset" to "../../../../../../Users/Logan/Documents/Unreal Projects/Nullity/Content/StarterContent/Textures/T_Ground_Gravel_D.uasset"
[2017.04.29-00.05.34:830][  0]LogPackFactory: Copied "../../../Samples/StarterContent/Content/StarterContent/Textures/T_Ground_Gravel_N.uasset" to "../../../../../../Users/Logan/Documents/Unreal Projects/Nullity/Content/StarterContent/Textures/T_Ground_Gravel_N.uasset"
[2017.04.29-00.05.34:836][  0]LogPackFactory: Copied "../../../Samples/StarterContent/Content/StarterContent/Textures/T_ground_Moss_D.uasset" to "../../../../../../Users/Logan/Documents/Unreal Projects/Nullity/Content/StarterContent/Textures/T_ground_Moss_D.uasset"
[2017.04.29-00.05.34:846][  0]LogPackFactory: Copied "../../../Samples/StarterContent/Content/StarterContent/Textures/T_Ground_Moss_N.uasset" to "../../../../../../Users/Logan/Documents/Unreal Projects/Nullity/Content/StarterContent/Textures/T_Ground_Moss_N.uasset"
[2017.04.29-00.05.34:848][  0]LogPackFactory: Copied "../../../Samples/StarterContent/Content/StarterContent/Textures/T_Lamp_M.uasset" to "../../../../../../Users/Logan/Documents/Unreal Projects/Nullity/Content/StarterContent/Textures/T_Lamp_M.uasset"
[2017.04.29-00.05.34:849][  0]LogPackFactory: Copied "../../../Samples/StarterContent/Content/StarterContent/Textures/T_Lamp_N.uasset" to "../../../../../../Users/Logan/Documents/Unreal Projects/Nullity/Content/StarterContent/Textures/T_Lamp_N.uasset"
[2017.04.29-00.05.34:855][  0]LogPackFactory: Copied "../../../Samples/StarterContent/Content/StarterContent/Textures/T_MacroVariation.uasset" to "../../../../../../Users/Logan/Documents/Unreal Projects/Nullity/Content/StarterContent/Textures/T_MacroVariation.uasset"
[2017.04.29-00.05.34:860][  0]LogPackFactory: Copied "../../../Samples/StarterContent/Content/StarterContent/Textures/T_Metal_Aluminum_D.uasset" to "../../../../../../Users/Logan/Documents/Unreal Projects/Nullity/Content/StarterContent/Textures/T_Metal_Aluminum_D.uasset"
[2017.04.29-00.05.34:865][  0]LogPackFactory: Copied "../../../Samples/StarterContent/Content/StarterContent/Textures/T_Metal_Copper_D.uasset" to "../../../../../../Users/Logan/Documents/Unreal Projects/Nullity/Content/StarterContent/Textures/T_Metal_Copper_D.uasset"
[2017.04.29-00.05.34:871][  0]LogPackFactory: Copied "../../../Samples/StarterContent/Content/StarterContent/Textures/T_Metal_Gold_D.uasset" to "../../../../../../Users/Logan/Documents/Unreal Projects/Nullity/Content/StarterContent/Textures/T_Metal_Gold_D.uasset"
[2017.04.29-00.05.34:873][  0]LogPackFactory: Copied "../../../Samples/StarterContent/Content/StarterContent/Textures/T_Metal_Gold_N.uasset" to "../../../../../../Users/Logan/Documents/Unreal Projects/Nullity/Content/StarterContent/Textures/T_Metal_Gold_N.uasset"
[2017.04.29-00.05.34:913][  0]LogPackFactory: Copied "../../../Samples/StarterContent/Content/StarterContent/Textures/T_Metal_Rust_D.uasset" to "../../../../../../Users/Logan/Documents/Unreal Projects/Nullity/Content/StarterContent/Textures/T_Metal_Rust_D.uasset"
[2017.04.29-00.05.34:961][  0]LogPackFactory: Copied "../../../Samples/StarterContent/Content/StarterContent/Textures/T_Metal_Rust_N.uasset" to "../../../../../../Users/Logan/Documents/Unreal Projects/Nullity/Content/StarterContent/Textures/T_Metal_Rust_N.uasset"
[2017.04.29-00.05.34:993][  0]LogPackFactory: Copied "../../../Samples/StarterContent/Content/StarterContent/Textures/T_Metal_Steel_D.uasset" to "../../../../../../Users/Logan/Documents/Unreal Projects/Nullity/Content/StarterContent/Textures/T_Metal_Steel_D.uasset"
[2017.04.29-00.05.35:199][  0]LogPackFactory: Copied "../../../Samples/StarterContent/Content/StarterContent/Textures/T_Metal_Steel_N.uasset" to "../../../../../../Users/Logan/Documents/Unreal Projects/Nullity/Content/StarterContent/Textures/T_Metal_Steel_N.uasset"
[2017.04.29-00.05.35:404][  0]LogPackFactory: Copied "../../../Samples/StarterContent/Content/StarterContent/Textures/T_Perlin_Noise_M.uasset" to "../../../../../../Users/Logan/Documents/Unreal Projects/Nullity/Content/StarterContent/Textures/T_Perlin_Noise_M.uasset"
[2017.04.29-00.05.35:425][  0]LogPackFactory: Copied "../../../Samples/StarterContent/Content/StarterContent/Textures/T_RockMesh_M.uasset" to "../../../../../../Users/Logan/Documents/Unreal Projects/Nullity/Content/StarterContent/Textures/T_RockMesh_M.uasset"
[2017.04.29-00.05.35:466][  0]LogPackFactory: Copied "../../../Samples/StarterContent/Content/StarterContent/Textures/T_RockMesh_N.uasset" to "../../../../../../Users/Logan/Documents/Unreal Projects/Nullity/Content/StarterContent/Textures/T_RockMesh_N.uasset"
[2017.04.29-00.05.35:536][  0]LogPackFactory: Copied "../../../Samples/StarterContent/Content/StarterContent/Textures/T_Rock_Basalt_D.uasset" to "../../../../../../Users/Logan/Documents/Unreal Projects/Nullity/Content/StarterContent/Textures/T_Rock_Basalt_D.uasset"
[2017.04.29-00.05.35:594][  0]LogPackFactory: Copied "../../../Samples/StarterContent/Content/StarterContent/Textures/T_Rock_Basalt_N.uasset" to "../../../../../../Users/Logan/Documents/Unreal Projects/Nullity/Content/StarterContent/Textures/T_Rock_Basalt_N.uasset"
[2017.04.29-00.05.35:636][  0]LogPackFactory: Copied "../../../Samples/StarterContent/Content/StarterContent/Textures/T_Rock_Marble_Polished_D.uasset" to "../../../../../../Users/Logan/Documents/Unreal Projects/Nullity/Content/StarterContent/Textures/T_Rock_Marble_Polished_D.uasset"
[2017.04.29-00.05.35:772][  0]LogPackFactory: Copied "../../../Samples/StarterContent/Content/StarterContent/Textures/T_Rock_Sandstone_D.uasset" to "../../../../../../Users/Logan/Documents/Unreal Projects/Nullity/Content/StarterContent/Textures/T_Rock_Sandstone_D.uasset"
[2017.04.29-00.05.35:837][  0]LogPackFactory: Copied "../../../Samples/StarterContent/Content/StarterContent/Textures/T_Rock_Sandstone_N.uasset" to "../../../../../../Users/Logan/Documents/Unreal Projects/Nullity/Content/StarterContent/Textures/T_Rock_Sandstone_N.uasset"
[2017.04.29-00.05.35:927][  0]LogPackFactory: Copied "../../../Samples/StarterContent/Content/StarterContent/Textures/T_Rock_Slate_D.uasset" to "../../../../../../Users/Logan/Documents/Unreal Projects/Nullity/Content/StarterContent/Textures/T_Rock_Slate_D.uasset"
[2017.04.29-00.05.35:996][  0]LogPackFactory: Copied "../../../Samples/StarterContent/Content/StarterContent/Textures/T_Rock_Slate_N.uasset" to "../../../../../../Users/Logan/Documents/Unreal Projects/Nullity/Content/StarterContent/Textures/T_Rock_Slate_N.uasset"
[2017.04.29-00.05.36:022][  0]LogPackFactory: Copied "../../../Samples/StarterContent/Content/StarterContent/Textures/T_Rock_Smooth_Granite_D.uasset" to "../../../../../../Users/Logan/Documents/Unreal Projects/Nullity/Content/StarterContent/Textures/T_Rock_Smooth_Granite_D.uasset"
[2017.04.29-00.05.36:165][  0]LogPackFactory: Copied "../../../Samples/StarterContent/Content/StarterContent/Textures/T_Shelf_M.uasset" to "../../../../../../Users/Logan/Documents/Unreal Projects/Nullity/Content/StarterContent/Textures/T_Shelf_M.uasset"
[2017.04.29-00.05.37:054][  0]LogPackFactory: Copied "../../../Samples/StarterContent/Content/StarterContent/Textures/T_Shelf_N.uasset" to "../../../../../../Users/Logan/Documents/Unreal Projects/Nullity/Content/StarterContent/Textures/T_Shelf_N.uasset"
[2017.04.29-00.05.37:589][  0]LogPackFactory: Copied "../../../Samples/StarterContent/Content/StarterContent/Textures/T_Single_Tile_N.uasset" to "../../../../../../Users/Logan/Documents/Unreal Projects/Nullity/Content/StarterContent/Textures/T_Single_Tile_N.uasset"
[2017.04.29-00.05.38:311][  0]LogPackFactory: Copied "../../../Samples/StarterContent/Content/StarterContent/Textures/T_Smoke_SubUV.uasset" to "../../../../../../Users/Logan/Documents/Unreal Projects/Nullity/Content/StarterContent/Textures/T_Smoke_SubUV.uasset"
[2017.04.29-00.05.38:460][  0]LogPackFactory: Copied "../../../Samples/StarterContent/Content/StarterContent/Textures/T_Smoke_Tiled_D.uasset" to "../../../../../../Users/Logan/Documents/Unreal Projects/Nullity/Content/StarterContent/Textures/T_Smoke_Tiled_D.uasset"
[2017.04.29-00.05.38:651][  0]LogPackFactory: Copied "../../../Samples/StarterContent/Content/StarterContent/Textures/T_Spark_Core.uasset" to "../../../../../../Users/Logan/Documents/Unreal Projects/Nullity/Content/StarterContent/Textures/T_Spark_Core.uasset"
[2017.04.29-00.05.40:185][  0]LogPackFactory: Copied "../../../Samples/StarterContent/Content/StarterContent/Textures/T_Statue_M.uasset" to "../../../../../../Users/Logan/Documents/Unreal Projects/Nullity/Content/StarterContent/Textures/T_Statue_M.uasset"
[2017.04.29-00.05.40:529][  0]LogPackFactory: Copied "../../../Samples/StarterContent/Content/StarterContent/Textures/T_Statue_N.uasset" to "../../../../../../Users/Logan/Documents/Unreal Projects/Nullity/Content/StarterContent/Textures/T_Statue_N.uasset"
[2017.04.29-00.05.40:953][  0]LogPackFactory: Copied "../../../Samples/StarterContent/Content/StarterContent/Textures/T_TableRound_M.uasset" to "../../../../../../Users/Logan/Documents/Unreal Projects/Nullity/Content/StarterContent/Textures/T_TableRound_M.uasset"
[2017.04.29-00.05.41:396][  0]LogPackFactory: Copied "../../../Samples/StarterContent/Content/StarterContent/Textures/T_TableRound_N.uasset" to "../../../../../../Users/Logan/Documents/Unreal Projects/Nullity/Content/StarterContent/Textures/T_TableRound_N.uasset"
[2017.04.29-00.05.41:446][  0]LogPackFactory: Copied "../../../Samples/StarterContent/Content/StarterContent/Textures/T_Tech_Dot_M.uasset" to "../../../../../../Users/Logan/Documents/Unreal Projects/Nullity/Content/StarterContent/Textures/T_Tech_Dot_M.uasset"
[2017.04.29-00.05.41:561][  0]LogPackFactory: Copied "../../../Samples/StarterContent/Content/StarterContent/Textures/T_Tech_Dot_N.uasset" to "../../../../../../Users/Logan/Documents/Unreal Projects/Nullity/Content/StarterContent/Textures/T_Tech_Dot_N.uasset"
[2017.04.29-00.05.41:941][  0]LogPackFactory: Copied "../../../Samples/StarterContent/Content/StarterContent/Textures/T_Tech_Hex_Tile_M.uasset" to "../../../../../../Users/Logan/Documents/Unreal Projects/Nullity/Content/StarterContent/Textures/T_Tech_Hex_Tile_M.uasset"
[2017.04.29-00.05.42:045][  0]LogPackFactory: Copied "../../../Samples/StarterContent/Content/StarterContent/Textures/T_Tech_Hex_Tile_N.uasset" to "../../../../../../Users/Logan/Documents/Unreal Projects/Nullity/Content/StarterContent/Textures/T_Tech_Hex_Tile_N.uasset"
[2017.04.29-00.05.42:243][  0]LogPackFactory: Copied "../../../Samples/StarterContent/Content/StarterContent/Textures/T_Tech_Panel_M.uasset" to "../../../../../../Users/Logan/Documents/Unreal Projects/Nullity/Content/StarterContent/Textures/T_Tech_Panel_M.uasset"
[2017.04.29-00.05.43:720][  0]LogPackFactory: Copied "../../../Samples/StarterContent/Content/StarterContent/Textures/T_Tech_Panel_N.uasset" to "../../../../../../Users/Logan/Documents/Unreal Projects/Nullity/Content/StarterContent/Textures/T_Tech_Panel_N.uasset"
[2017.04.29-00.05.44:048][  0]LogPackFactory: Copied "../../../Samples/StarterContent/Content/StarterContent/Textures/T_Water_M.uasset" to "../../../../../../Users/Logan/Documents/Unreal Projects/Nullity/Content/StarterContent/Textures/T_Water_M.uasset"
[2017.04.29-00.05.44:244][  0]LogPackFactory: Copied "../../../Samples/StarterContent/Content/StarterContent/Textures/T_Water_N.uasset" to "../../../../../../Users/Logan/Documents/Unreal Projects/Nullity/Content/StarterContent/Textures/T_Water_N.uasset"
[2017.04.29-00.05.45:281][  0]LogPackFactory: Copied "../../../Samples/StarterContent/Content/StarterContent/Textures/T_Wood_Floor_Walnut_D.uasset" to "../../../../../../Users/Logan/Documents/Unreal Projects/Nullity/Content/StarterContent/Textures/T_Wood_Floor_Walnut_D.uasset"
[2017.04.29-00.05.45:370][  0]LogPackFactory: Copied "../../../Samples/StarterContent/Content/StarterContent/Textures/T_Wood_Floor_Walnut_M.uasset" to "../../../../../../Users/Logan/Documents/Unreal Projects/Nullity/Content/StarterContent/Textures/T_Wood_Floor_Walnut_M.uasset"
[2017.04.29-00.05.45:419][  0]LogPackFactory: Copied "../../../Samples/StarterContent/Content/StarterContent/Textures/T_Wood_Floor_Walnut_N.uasset" to "../../../../../../Users/Logan/Documents/Unreal Projects/Nullity/Content/StarterContent/Textures/T_Wood_Floor_Walnut_N.uasset"
[2017.04.29-00.05.45:468][  0]LogPackFactory: Copied "../../../Samples/StarterContent/Content/StarterContent/Textures/T_Wood_Oak_D.uasset" to "../../../../../../Users/Logan/Documents/Unreal Projects/Nullity/Content/StarterContent/Textures/T_Wood_Oak_D.uasset"
[2017.04.29-00.05.45:517][  0]LogPackFactory: Copied "../../../Samples/StarterContent/Content/StarterContent/Textures/T_Wood_Oak_N.uasset" to "../../../../../../Users/Logan/Documents/Unreal Projects/Nullity/Content/StarterContent/Textures/T_Wood_Oak_N.uasset"
[2017.04.29-00.05.45:600][  0]LogPackFactory: Copied "../../../Samples/StarterContent/Content/StarterContent/Textures/T_Wood_Pine_D.uasset" to "../../../../../../Users/Logan/Documents/Unreal Projects/Nullity/Content/StarterContent/Textures/T_Wood_Pine_D.uasset"
[2017.04.29-00.05.45:637][  0]LogPackFactory: Copied "../../../Samples/StarterContent/Content/StarterContent/Textures/T_Wood_Pine_N.uasset" to "../../../../../../Users/Logan/Documents/Unreal Projects/Nullity/Content/StarterContent/Textures/T_Wood_Pine_N.uasset"
[2017.04.29-00.05.45:871][  0]LogPackFactory: Copied "../../../Samples/StarterContent/Content/StarterContent/Textures/T_Wood_Walnut_D.uasset" to "../../../../../../Users/Logan/Documents/Unreal Projects/Nullity/Content/StarterContent/Textures/T_Wood_Walnut_D.uasset"
[2017.04.29-00.05.45:906][  0]LogPackFactory: Copied "../../../Samples/StarterContent/Content/StarterContent/Textures/T_Wood_Walnut_N.uasset" to "../../../../../../Users/Logan/Documents/Unreal Projects/Nullity/Content/StarterContent/Textures/T_Wood_Walnut_N.uasset"
[2017.04.29-00.05.45:992][  0]LogRenderer: Reallocating scene render targets to support 256x256 NumSamples 1 (Frame:2).
[2017.04.29-00.05.46:074][  0]LogSavePackage: Save=9.03ms
[2017.04.29-00.05.46:074][  0]LogSavePackage: Moving '../../../../../../Users/Logan/Documents/Unreal Projects/Nullity/Saved/Floor_400x4007BFCC13946A0F0591424D18352861D6C.tmp' to '../../../../../../Users/Logan/Documents/Unreal Projects/Nullity/Content/StarterContent/Architecture/Floor_400x400.uasset'
[2017.04.29-00.05.46:077][  0]LogSavePackage:Display: Finished SavePackage ../../../../../../Users/Logan/Documents/Unreal Projects/Nullity/Content/StarterContent/Architecture/Floor_400x400.uasset
[2017.04.29-00.05.46:077][  0]LogFeaturePack:Warning: Inserted 1 feature packs
[2017.04.29-00.05.46:078][  0]Cmd: MAP LOAD FILE="../../../../../../Users/Logan/Documents/Unreal Projects/Nullity/Content/StarterContent/Maps/Minimal_Default.umap" TEMPLATE=0 SHOWPROGRESS=1 FEATURELEVEL=3
[2017.04.29-00.05.46:078][  0]LightingResults: New page: Lighting Build
[2017.04.29-00.05.46:174][  0]MapCheck: New page: Map Check
[2017.04.29-00.05.46:174][  0]LightingResults: New page: Lighting Build
[2017.04.29-00.05.46:390][  0]LogAIModule: Creating AISystem for world Minimal_Default
[2017.04.29-00.05.46:475][  0]LogEditorServer: Finished looking for orphan Actors (0.000 secs)
[2017.04.29-00.05.46:475][  0]Cmd: MAP CHECKDEP NOCLEARLOG
[2017.04.29-00.05.46:525][  0]MapCheck: Info Map check complete: 0 Error(s), 0 Warning(s), took 49.772ms to complete.
[2017.04.29-00.05.46:525][  0]LogFileHelpers: Loading map 'Minimal_Default' took 0.447
[2017.04.29-00.05.46:833][  0]LogCollectionManager: Loaded 0 collections in 0.000857 seconds
[2017.04.29-00.05.46:958][  0]LogFileCache: Scanning file cache for directory 'C:/Users/Logan/Documents/Unreal Projects/Nullity/Saved/Collections/' took 0.01s
[2017.04.29-00.05.46:958][  0]LogFileCache: Scanning file cache for directory 'C:/Users/Logan/Documents/Unreal Projects/Nullity/Content/Developers/Logan/Collections/' took 0.01s
[2017.04.29-00.05.46:958][  0]LogFileCache: Scanning file cache for directory 'C:/Users/Logan/Documents/Unreal Projects/Nullity/Content/Collections/' took 0.01s
[2017.04.29-00.05.46:958][  0]LogCollectionManager: Rebuilt the GUID cache for 0 collections in 0.000001 seconds
[2017.04.29-00.05.46:964][  0]LogContentBrowser: Native class hierarchy populated in 0.0063 seconds. Added 2245 classes and 453 folders.
[2017.04.29-00.05.46:966][  0]LogStats: UGameplayTagsManager::ConstructGameplayTagTree: Construct from data asset -  0.000 s
[2017.04.29-00.05.46:966][  0]LogStats: UGameplayTagsManager::ConstructGameplayTagTree: GameplayTagTreeChangedEvent.Broadcast -  0.000 s
[2017.04.29-00.05.47:106][  0]LogContentBrowser: Native class hierarchy updated for 'WidgetCarousel' in 0.0005 seconds. Added 0 classes and 0 folders.
[2017.04.29-00.05.47:864][  0]LogContentBrowser: Native class hierarchy updated for 'AddContentDialog' in 0.0005 seconds. Added 0 classes and 0 folders.
[2017.04.29-00.05.47:953][  0]LogContentBrowser: Native class hierarchy updated for 'SceneOutliner' in 0.0004 seconds. Added 1 classes and 2 folders.
[2017.04.29-00.05.48:026][  0]LogCrashTracker: Crashtracker disabled due to settings.
[2017.04.29-00.05.48:029][  0]LogUObjectGlobals:Warning: Failed to find object 'Class None.'
[2017.04.29-00.05.48:143][  0]LogContentBrowser: Native class hierarchy updated for 'HierarchicalLODOutliner' in 0.0005 seconds. Added 1 classes and 2 folders.
[2017.04.29-00.05.48:143][  0]LogLoad: (Engine Initialization) Total time: 84.89 seconds
[2017.04.29-00.05.48:143][  0]LogLoad: (Engine Initialization) Total Blueprint compile time: 0.56 seconds
[2017.04.29-00.05.48:143][  0]LogExternalProfiler: Found external profiler: VSPerf
[2017.04.29-00.05.48:143][  0]LogExternalProfiler: Using external profiler: VSPerf
[2017.04.29-00.05.48:482][  0]LogOcInput: OculusInput pre-init called
[2017.04.29-00.05.48:495][  0]LogAssetRegistry: Asset discovery search completed in 58.8577 seconds
[2017.04.29-00.05.48:496][  0]LogCollectionManager: Rebuilt the object cache for 0 collections in 0.000002 seconds (found 0 objects)
[2017.04.29-00.05.48:496][  0]LogCollectionManager: Fixed up redirectors for 0 collections in 0.000013 seconds (updated 0 objects)
[2017.04.29-00.05.48:602][  0]LogContentStreaming: Texture pool size now 1000 MB
[2017.04.29-00.05.48:670][  0]LogSlate: Took 0.061392 seconds to synchronously load lazily loaded font '../../../Engine/Content/Slate/Fonts/Roboto-Regular.ttf' (155K)
[2017.04.29-00.05.48:678][  0]LogSlate: Took 0.005206 seconds to synchronously load lazily loaded font '../../../Engine/Content/Slate/Fonts/Roboto-Bold.ttf' (160K)
[2017.04.29-00.05.48:694][  0]LogSlate: Took 0.012287 seconds to synchronously load lazily loaded font '../../../Engine/Content/Editor/Slate/Fonts/FontAwesome.ttf' (139K)
[2017.04.29-00.05.48:814][  0]LogRenderer: Reallocating scene render targets to support 1208x556 NumSamples 1 (Frame:3).
[2017.04.29-00.05.48:814][  0]LogSlate: Took 0.007518 seconds to synchronously load lazily loaded font '../../../Engine/Content/Slate/Fonts/Roboto-Light.ttf' (159K)
